Log file open, 08/24/17 23:32:08
LogInit:Display: Running engine for game: BattleBot_Prototype
LogPlatformFile: Not using cached read wrapper
LogInit:Display: RandInit(-34241995) SRandInit(-34241995).
LogTaskGraph: Started task graph with 5 named threads and 8 total threads with 1 sets of task threads.
LogStats: Stats thread started at 13.701358
LogInit: Using libcurl 7.47.1
LogInit:  - built for x86_64-pc-win32
LogInit:  - supports SSL with OpenSSL/1.0.2g
LogInit:  - supports HTTP deflate (compression) using libz 1.2.8
LogInit:  - other features:
LogInit:      CURL_VERSION_SSL
LogInit:      CURL_VERSION_LIBZ
LogInit:      CURL_VERSION_IPV6
LogInit:      CURL_VERSION_ASYNCHDNS
LogInit:      CURL_VERSION_LARGEFILE
LogInit:      CURL_VERSION_IDN
LogInit:  CurlRequestOptions (configurable via config and command line):
LogInit:  - bVerifyPeer = false  - Libcurl will NOT verify peer certificate
LogInit:  - bUseHttpProxy = false  - Libcurl will NOT use HTTP proxy
LogInit:  - bDontReuseConnections = false  - Libcurl will reuse connections
LogInit:  - CertBundlePath = nullptr  - Libcurl will use whatever was configured at build time.
LogInit: Build: ++UE4+Release-4.16-CL-3561208
LogInit: Engine Version: 4.16.3-3561208+++UE4+Release-4.16
LogInit: Compatible Engine Version: 4.16.0-3452394+++UE4+Release-4.16
LogInit: Net CL: 3452394
LogDevObjectVersion: Number of dev versions registered: 16
LogDevObjectVersion:   Dev-Blueprints (B0D832E4-1F89-4F0D-ACCF-7EB736FD4AA2): 9
LogDevObjectVersion:   Dev-Build (E1C64328-A22C-4D53-A36C-8E866417BD8C): 0
LogDevObjectVersion:   Dev-Core (375EC13C-06E4-48FB-B500-84F0262A717E): 2
LogDevObjectVersion:   Dev-Editor (E4B068ED-F494-42E9-A231-DA0B2E46BB41): 17
LogDevObjectVersion:   Dev-Framework (CFFC743F-43B0-4480-9391-14DF171D2073): 23
LogDevObjectVersion:   Dev-Mobile (B02B49B5-BB20-44E9-A304-32B752E40360): 0
LogDevObjectVersion:   Dev-Networking (A4E4105C-59A1-49B5-A7C5-40C4547EDFEE): 0
LogDevObjectVersion:   Dev-Online (39C831C9-5AE6-47DC-9A44-9C173E1C8E7C): 0
LogDevObjectVersion:   Dev-Physics (78F01B33-EBEA-4F98-B9B4-84EACCB95AA2): 0
LogDevObjectVersion:   Dev-Platform (6631380F-2D4D-43E0-8009-CF276956A95A): 0
LogDevObjectVersion:   Dev-Rendering (12F88B9F-8875-4AFC-A67C-D90C383ABD29): 15
LogDevObjectVersion:   Dev-Sequencer (7B5AE74C-D270-4C10-A958-57980B212A5A): 4
LogDevObjectVersion:   Dev-VR (D7296918-1DD6-4BDD-9DE2-64A83CC13884): 0
LogDevObjectVersion:   Dev-LoadTimes (C2A15278-BFE7-4AFE-6C17-90FF531DF755): 1
LogDevObjectVersion:   Private-Geometry (6EACA3D4-40EC-4CC1-B786-8BED09428FC5): 1
LogDevObjectVersion:   Dev-AnimPhys (29E575DD-E0A3-4627-9D10-D276232CDCEA): 3
LogInit: Compiled (64-bit): Jul 28 2017 11:49:47
LogInit: Compiled with Visual C++: 19.00.24215.01
LogInit: Build Configuration: Development
LogInit: Branch Name: ++UE4+Release-4.16
LogInit: Command line:  
LogInit: Base directory: E:/Paragon/UE_4.16/Engine/Binaries/Win64/
LogInit: Installed Engine Build: 1
LogInit: Presizing for max 8388607 objects, including 0 objects not considered by GC, pre-allocating 0 bytes for permanent pool.
LogInit: Object subsystem initialized
[2017.08.24-14.32.11:909][  0]LogInit: Selected Device Profile: [Windows]
[2017.08.24-14.32.11:909][  0]LogInit: Applying CVar settings loaded from the selected device profile: [Windows]
[2017.08.24-14.32.12:185][  0]LogInit: Computer: TYLER-PC
[2017.08.24-14.32.12:186][  0]LogInit: User: Tyler
[2017.08.24-14.32.12:186][  0]LogInit: CPU Page size=4096, Cores=4
[2017.08.24-14.32.12:186][  0]LogInit: High frequency timer resolution =3.417965 MHz
[2017.08.24-14.32.12:231][  0]LogMemory: Memory total: Physical=15.9GB (16GB approx)
[2017.08.24-14.32.12:231][  0]LogMemory: Platform Memory Stats for Windows
[2017.08.24-14.32.12:231][  0]LogMemory: Process Physical Memory: 272.35 MB used, 272.35 MB peak
[2017.08.24-14.32.12:231][  0]LogMemory: Process Virtual Memory: 260.90 MB used, 260.90 MB peak
[2017.08.24-14.32.12:231][  0]LogMemory: Physical Memory: 8722.55 MB used,  7598.91 MB free, 16321.46 MB total
[2017.08.24-14.32.12:231][  0]LogMemory: Virtual Memory: 638.50 MB used,  7598.91 MB free, 134217728.00 MB total
[2017.08.24-14.32.17:223][  0]LogInit: Using OS detected language (en-US).
[2017.08.24-14.32.17:223][  0]LogInit: Using OS detected locale (en-US).
[2017.08.24-14.32.17:568][  0]LogTextLocalizationManager: No specific localization for 'en-US' exists, so the 'en' localization will be used.
[2017.08.24-14.32.31:872][  0]LogD3D11RHI: D3D11 adapters:
[2017.08.24-14.32.32:384][  0]LogD3D11RHI:    0. 'NVIDIA GeForce GTX 780' (Feature Level 11_0)
[2017.08.24-14.32.32:384][  0]LogD3D11RHI:       6106/0/8160 MB DedicatedVideo/DedicatedSystem/SharedSystem, Outputs:2, VendorId:0x10de
[2017.08.24-14.32.32:385][  0]LogD3D11RHI:    1. 'Microsoft Basic Render Driver' (Feature Level 11_0)
[2017.08.24-14.32.32:385][  0]LogD3D11RHI:       0/0/8160 MB DedicatedVideo/DedicatedSystem/SharedSystem, Outputs:0, VendorId:0x1414
[2017.08.24-14.32.32:385][  0]LogD3D11RHI: Chosen D3D11 Adapter: 0
[2017.08.24-14.32.32:597][  0]LogD3D11RHI: Creating new Direct3DDevice
[2017.08.24-14.32.32:647][  0]LogD3D11RHI:     GPU DeviceId: 0x1007 (for the marketing name, search the web for "GPU Device Id")
[2017.08.24-14.32.32:647][  0]LogWindows: EnumDisplayDevices:
[2017.08.24-14.32.32:647][  0]LogWindows:    0. 'NVIDIA GeForce GTX 780' (P:1 D:1)
[2017.08.24-14.32.32:647][  0]LogWindows:    1. 'NVIDIA GeForce GTX 780' (P:0 D:1)
[2017.08.24-14.32.32:647][  0]LogWindows:    2. 'NVIDIA GeForce GTX 780' (P:0 D:0)
[2017.08.24-14.32.32:647][  0]LogWindows:    3. 'NVIDIA GeForce GTX 780' (P:0 D:0)
[2017.08.24-14.32.32:647][  0]LogWindows: DebugString: FoundDriverCount:4 
[2017.08.24-14.32.32:647][  0]LogD3D11RHI:     Adapter Name: NVIDIA GeForce GTX 780
[2017.08.24-14.32.32:647][  0]LogD3D11RHI:   Driver Version: 384.94 (internal:22.21.13.8494, unified:384.94)
[2017.08.24-14.32.32:647][  0]LogD3D11RHI:      Driver Date: 7-18-2017
[2017.08.24-14.32.32:654][  0]LogRHI: Texture pool is 1361 MB (70% of 1945 MB)
[2017.08.24-14.32.33:189][  0]LogD3D11RHI: Async texture creation enabled
[2017.08.24-14.32.34:767][  0]LogD3D11RHI: GPU Timing Frequency: 1000.000000 (Debug: 2 1)
[2017.08.24-14.32.35:218][  0]LogShaderCompilers: Guid format shader working directory is 9 characters bigger than the processId version (G:/UE4/BattleBot_Area_Proto/MyProject/Intermediate/Shaders/WorkingDirectory/2128/).
[2017.08.24-14.32.35:218][  0]LogShaderCompilers: Cleaned the shader compiler working directory 'C:/Users/Tyler/AppData/Local/Temp/UnrealShaderWorkingDir/5DDDBE244FE27BF0C8DC73B84E6A2736/'.
[2017.08.24-14.32.35:231][  0]LogShaderCompilers:Display: Using Local Shader Compiler.
[2017.08.24-14.32.53:353][  0]LogTemp:Display: Loaded TP AllDesktopTargetPlatform
[2017.08.24-14.32.53:388][  0]LogTemp:Display: Loaded TP MacClientTargetPlatform
[2017.08.24-14.32.53:422][  0]LogTemp:Display: Loaded TP MacNoEditorTargetPlatform
[2017.08.24-14.32.53:456][  0]LogTemp:Display: Loaded TP MacServerTargetPlatform
[2017.08.24-14.32.53:503][  0]LogTemp:Display: Loaded TP MacTargetPlatform
[2017.08.24-14.32.53:537][  0]LogTemp:Display: Loaded TP WindowsClientTargetPlatform
[2017.08.24-14.32.53:573][  0]LogTemp:Display: Loaded TP WindowsNoEditorTargetPlatform
[2017.08.24-14.32.53:609][  0]LogTemp:Display: Loaded TP WindowsServerTargetPlatform
[2017.08.24-14.32.53:668][  0]LogTemp:Display: Loaded TP WindowsTargetPlatform
[2017.08.24-14.32.53:735][  0]LogTemp:Display: Loaded TP AndroidTargetPlatform
[2017.08.24-14.32.53:768][  0]LogTemp:Display: Loaded TP Android_ASTCTargetPlatform
[2017.08.24-14.32.53:801][  0]LogTemp:Display: Loaded TP Android_ATCTargetPlatform
[2017.08.24-14.32.53:836][  0]LogTemp:Display: Loaded TP Android_DXTTargetPlatform
[2017.08.24-14.32.53:871][  0]LogTemp:Display: Loaded TP Android_ETC1TargetPlatform
[2017.08.24-14.32.53:905][  0]LogTemp:Display: Loaded TP Android_ETC2TargetPlatform
[2017.08.24-14.32.53:973][  0]LogTemp:Display: Loaded TP Android_MultiTargetPlatform
[2017.08.24-14.32.53:973][  0]LogTemp:Display: Loaded TP Android_PVRTCTargetPlatform
[2017.08.24-14.32.53:999][  0]LogTemp:Display: Loaded TP HTML5TargetPlatform
[2017.08.24-14.32.54:182][  0]LogTemp:Display: Loaded TP IOSTargetPlatform
[2017.08.24-14.32.54:201][  0]LogTemp:Display: Loaded TP TVOSTargetPlatform
[2017.08.24-14.32.54:235][  0]LogTemp:Display: Loaded TP LinuxClientTargetPlatform
[2017.08.24-14.32.54:273][  0]LogTemp:Display: Loaded TP LinuxNoEditorTargetPlatform
[2017.08.24-14.32.54:307][  0]LogTemp:Display: Loaded TP LinuxServerTargetPlatform
[2017.08.24-14.32.54:366][  0]LogTemp:Display: Loaded TP LinuxTargetPlatform
[2017.08.24-14.32.54:366][  0]LogTargetPlatformManager:Display: Building Assets For Windows
[2017.08.24-14.32.59:054][  0]LogDerivedDataCache:Display: Max Cache Size: 512 MB
[2017.08.24-14.32.59:371][  0]LogDerivedDataCache: Loaded boot cache 0.32s 90MB C:/Users/Tyler/AppData/Local/UnrealEngine/4.16/DerivedDataCache/Boot.ddc.
[2017.08.24-14.32.59:371][  0]LogDerivedDataCache:Display: Loaded Boot cache: C:/Users/Tyler/AppData/Local/UnrealEngine/4.16/DerivedDataCache/Boot.ddc
[2017.08.24-14.32.59:371][  0]LogDerivedDataCache: FDerivedDataBackendGraph:  Pak pak cache file G:/UE4/BattleBot_Area_Proto/MyProject/DerivedDataCache/DDC.ddp not found, will not use a pak cache.
[2017.08.24-14.32.59:371][  0]LogDerivedDataCache: Unable to find inner node Pak for hierarchical cache Hierarchy.
[2017.08.24-14.32.59:371][  0]LogDerivedDataCache: FDerivedDataBackendGraph:  CompressedPak pak cache file G:/UE4/BattleBot_Area_Proto/MyProject/DerivedDataCache/Compressed.ddp not found, will not use a pak cache.
[2017.08.24-14.32.59:371][  0]LogDerivedDataCache: Unable to find inner node CompressedPak for hierarchical cache Hierarchy.
[2017.08.24-14.32.59:618][  0]LogDerivedDataCache:Display: Pak cache opened for reading ../../../Engine/DerivedDataCache/Compressed.ddp.
[2017.08.24-14.32.59:630][  0]LogDerivedDataCache: Using Local data cache path C:/Users/Tyler/AppData/Local/UnrealEngine/Common/DerivedDataCache: Writable
[2017.08.24-14.33.00:008][  0]LogMaterial: Verifying Global Shaders for PCD3D_SM5
[2017.08.24-14.33.00:491][  0]LogSlate: Using Freetype 2.6.0
[2017.08.24-14.33.01:136][  0]LogSlate: SlateFontCache - WITH_FREETYPE: 1, WITH_HARFBUZZ: 1
[2017.08.24-14.33.01:136][  0]LogSlate: SlateFontCache - WITH_FREETYPE: 1, WITH_HARFBUZZ: 1
[2017.08.24-14.33.44:274][  0]LogInit: Selected Device Profile: [Windows]
[2017.08.24-14.33.45:032][  0]LogContentStreaming: Texture pool size is 0.00 MB
[2017.08.24-14.33.45:800][  0]LogMeshUtilities: Using QuadricMeshReduction for automatic static mesh reduction
[2017.08.24-14.33.45:933][  0]LogSimplygon: Simplygon DLL not present - disabling.
[2017.08.24-14.33.45:994][  0]LogMeshUtilities: Using SimplygonSwarm for distributed automatic mesh merging
[2017.08.24-14.33.45:994][  0]LogMeshUtilities: No automatic skeletal mesh reduction module available
[2017.08.24-14.33.45:994][  0]LogMeshUtilities: No automatic mesh merging module available
[2017.08.24-14.33.51:119][  0]LogNetVersion: BattleBot_Prototype , NetCL: 3452394, EngineNetVer: 2, GameNetVer: 0 (Checksum: 2766879933)
[2017.08.24-14.33.51:512][  0]LogAssetRegistry: FAssetRegistry took 0.0398 seconds to start up
[2017.08.24-14.33.51:720][  0]LogPackageLocalizationCache: Processed 4 localized package path(s) for 2 prioritized culture(s) in 0.061188 seconds
[2017.08.24-14.33.51:724][  0]LogUObjectArray: 34194 objects as part of root set at end of initial load.
[2017.08.24-14.33.51:724][  0]LogUObjectAllocator: 7260416 out of 0 bytes used by permanent object pool.
[2017.08.24-14.33.51:724][  0]LogUObjectArray: CloseDisregardForGC: 0/0 objects in disregard for GC pool
[2017.08.24-14.33.51:796][  0]LogInit: WinSock: version 1.1 (2.2), MaxSocks=32767, MaxUdp=65467
[2017.08.24-14.34.10:835][  0]LogSubstanceCoreModule: Substance [CPU] Engine Loaded, Max Texture Size = 2048
[2017.08.24-14.34.10:908][  0]LogTcpMessaging: Initializing TcpMessaging bridge
[2017.08.24-14.34.10:986][  0]LogUdpMessaging: Initializing bridge on interface 0.0.0.0:0 to multicast group 230.0.0.1:6666.
[2017.08.24-14.34.12:667][  0]LogMaterial: Uniform references updated for custom material expression Custom.
[2017.08.24-14.34.13:794][  0]SourceControl: Info Source control is disabled
[2017.08.24-14.34.13:938][  0]SourceControl: Info Source control is disabled
[2017.08.24-14.34.14:024][  0]SourceControl: Info Source control is disabled
[2017.08.24-14.34.14:103][  0]SourceControl: Info Source control is disabled
[2017.08.24-14.34.15:579][  0]LogAndroidPermission: UAndroidPermissionCallbackProxy::GetInstance
[2017.08.24-14.34.17:263][  0]LogEngine: Initializing Engine...
[2017.08.24-14.34.17:453][  0]LogHMD: Failed to initialize OpenVR with code 108
[2017.08.24-14.34.18:277][  0]LogStats: UGameplayTagsManager::ConstructGameplayTagTree: Construct from data asset -  0.000 s
[2017.08.24-14.34.18:278][  0]LogStats: UGameplayTagsManager::ConstructGameplayTagTree: GameplayTagTreeChangedEvent.Broadcast -  0.000 s
[2017.08.24-14.34.18:838][  0]LogAIModule: Creating AISystem for world Untitled
[2017.08.24-14.34.18:913][  0]LogInit: XAudio2 using 'Headset Earphone (ASTRO MixAmp Pro           )' : 2 channels at 48 kHz using 16 bits per sample (channel mask 0x3)
[2017.08.24-14.34.18:923][  0]LogInit: FAudioDevice initialized.
[2017.08.24-14.34.18:973][  0]LogDerivedDataCache: Saved boot cache 0.05s 90MB C:/Users/Tyler/AppData/Local/UnrealEngine/4.16/DerivedDataCache/Boot.ddc.
[2017.08.24-14.34.18:985][  0]LogInit: Texture streaming: Enabled
[2017.08.24-14.34.19:292][  0]LogEngineSessionManager: EngineSessionManager initialized
[2017.08.24-14.34.19:946][  0]LogInit: Transaction tracking system initialized
[2017.08.24-14.34.20:793][  0]BlueprintLog: New page: Editor Load
[2017.08.24-14.34.23:232][  0]LocalizationService: Info Localization service is disabled
[2017.08.24-14.34.25:044][  0]LogConsoleResponse:Display: 
[2017.08.24-14.34.27:446][  0]LogFileCache: Scanning file cache for directory 'G:/UE4/BattleBot_Area_Proto/MyProject/Content/' took 0.02s
[2017.08.24-14.34.27:446][  0]LogCook:Display: Max memory allowance for cook 16384mb min free memory 0mb
[2017.08.24-14.34.27:446][  0]LogCook:Display: Mobile HDR setting 1
[2017.08.24-14.34.30:602][  0]SourceControl: Info Source control is disabled
[2017.08.24-14.34.30:640][  0]Cmd: MAP LOAD FILE="G:/UE4/BattleBot_Area_Proto/MyProject/Content/Test_Area.umap" TEMPLATE=0 SHOWPROGRESS=1 FEATURELEVEL=3
[2017.08.24-14.34.30:664][  0]LightingResults: New page: Lighting Build
[2017.08.24-14.34.30:813][  0]MapCheck: New page: Map Check
[2017.08.24-14.34.30:813][  0]LightingResults: New page: Lighting Build
[2017.08.24-14.34.34:583][  0]LogAIModule: Creating AISystem for world Test_Area
[2017.08.24-14.34.36:138][  0]LogEditorServer: Finished looking for orphan Actors (0.000 secs)
[2017.08.24-14.34.36:300][  0]Cmd: MAP CHECKDEP NOCLEARLOG
[2017.08.24-14.34.36:381][  0]MapCheck: Info Map check complete: 0 Error(s), 0 Warning(s), took 73.909ms to complete.
[2017.08.24-14.34.36:385][  0]LogFileHelpers: Loading map 'Test_Area' took 5.757
[2017.08.24-14.34.38:696][  0]LogCollectionManager: Loaded 0 collections in 0.003384 seconds
[2017.08.24-14.34.38:929][  0]LogFileCache: Scanning file cache for directory 'G:/UE4/BattleBot_Area_Proto/MyProject/Saved/Collections/' took 0.01s
[2017.08.24-14.34.38:929][  0]LogFileCache: Scanning file cache for directory 'G:/UE4/BattleBot_Area_Proto/MyProject/Content/Developers/Tyler/Collections/' took 0.01s
[2017.08.24-14.34.38:929][  0]LogFileCache: Scanning file cache for directory 'G:/UE4/BattleBot_Area_Proto/MyProject/Content/Collections/' took 0.01s
[2017.08.24-14.34.38:929][  0]LogCollectionManager: Rebuilt the GUID cache for 0 collections in 0.000002 seconds
[2017.08.24-14.34.38:958][  0]LogContentBrowser: Native class hierarchy populated in 0.0110 seconds. Added 2343 classes and 497 folders.
[2017.08.24-14.34.39:239][  0]LogContentBrowser: Native class hierarchy updated for 'WidgetCarousel' in 0.0007 seconds. Added 0 classes and 0 folders.
[2017.08.24-14.34.40:622][  0]LogContentBrowser: Native class hierarchy updated for 'AddContentDialog' in 0.0007 seconds. Added 0 classes and 0 folders.
[2017.08.24-14.34.40:736][  0]LogContentBrowser: Native class hierarchy updated for 'SceneOutliner' in 0.0007 seconds. Added 1 classes and 2 folders.
[2017.08.24-14.34.41:538][  0]LogCrashTracker: Crashtracker disabled due to settings.
[2017.08.24-14.34.41:698][  0]LogSlate: Took 0.015178 seconds to synchronously load lazily loaded font '../../../Engine/Content/Slate/Fonts/Roboto-Regular.ttf' (155K)
[2017.08.24-14.34.41:750][  0]LogSlate: Took 0.033393 seconds to synchronously load lazily loaded font '../../../Engine/Content/Slate/Fonts/Roboto-Bold.ttf' (160K)
[2017.08.24-14.34.41:819][  0]LogSlate: Took 0.014402 seconds to synchronously load lazily loaded font '../../../Engine/Content/Editor/Slate/Fonts/FontAwesome.ttf' (139K)
[2017.08.24-14.34.42:291][  0]LogRenderer: Reallocating scene render targets to support 1148x604 NumSamples 1 (Frame:1).
[2017.08.24-14.34.42:883][  0]LogSlate: Took 0.018399 seconds to synchronously load lazily loaded font '../../../Engine/Content/Slate/Fonts/Roboto-Light.ttf' (159K)
[2017.08.24-14.34.43:138][  0]LogUObjectGlobals:Warning: Failed to find object 'Class None.'
[2017.08.24-14.34.43:338][  0]LogContentBrowser: Native class hierarchy updated for 'HierarchicalLODOutliner' in 0.0007 seconds. Added 1 classes and 2 folders.
[2017.08.24-14.34.43:339][  0]LogLoad: (Engine Initialization) Total time: 196.23 seconds
[2017.08.24-14.34.43:339][  0]LogLoad: (Engine Initialization) Total Blueprint compile time: 0.82 seconds
[2017.08.24-14.34.43:339][  0]LogExternalProfiler: Found external profiler: VSPerf
[2017.08.24-14.34.43:339][  0]LogExternalProfiler: Using external profiler: VSPerf
[2017.08.24-14.34.43:729][  0]LogOcInput: OculusInput pre-init called
[2017.08.24-14.34.43:739][  0]LogHMD: Starting GearVRController plugin
[2017.08.24-14.34.44:208][  0]LogContentStreaming: Texture pool size now 1000 MB
[2017.08.24-14.34.45:101][  2]LogSlate: Took 0.000280 seconds to synchronously load lazily loaded font '../../../Engine/Content/Slate/Fonts/Roboto-Light.ttf' (159K)
[2017.08.24-14.34.45:356][  3]LogAssetRegistry: Asset discovery search completed in 53.8659 seconds
[2017.08.24-14.34.45:407][  3]LogCollectionManager: Rebuilt the object cache for 0 collections in 0.000000 seconds (found 0 objects)
[2017.08.24-14.34.45:407][  3]LogCollectionManager: Fixed up redirectors for 0 collections in 0.015395 seconds (updated 0 objects)
[2017.08.24-14.36.02:960][530]LogBlueprint:Error: [Compiler HoverComponent] Error This blueprint (self) is not a PrimitiveComponent, therefore ' Target ' must have a connection.
[2017.08.24-14.36.02:966][530]LogBlueprint:Warning: [Compiler HoverComponent] Warning [0275.86] Compile of HoverComponent failed. 1 Fatal Issue(s) 0 Warning(s) [in 89 ms] (/Game/BluePrints/HoverComponent.HoverComponent)
[2017.08.24-14.36.02:966][530]LogBlueprint:Warning: [Compiler HoverComponent] Warning [0275.86] Compile of HoverComponent failed. 1 Fatal Issue(s) 1 Warning(s) [in 0 ms] (/Game/BluePrints/HoverComponent.HoverComponent)
[2017.08.24-14.36.02:966][530]LogBlueprint:Warning: [Compiler HoverComponent] Warning [0275.86] Compile of HoverComponent failed. 1 Fatal Issue(s) 2 Warning(s) [in 0 ms] (/Game/BluePrints/HoverComponent.HoverComponent)
[2017.08.24-14.36.03:181][530]LogBlueprint:Error: [Compiler HoverComponent] Error This blueprint (self) is not a PrimitiveComponent, therefore ' Target ' must have a connection.
[2017.08.24-14.36.03:558][530]LogBlueprint:Warning: [Compiler HoverComponent] Warning [0276.45] Compile of HoverComponent failed. 1 Fatal Issue(s) 0 Warning(s) [in 403 ms] (/Game/Yappey/HoverComponent.HoverComponent)
[2017.08.24-14.36.03:570][530]LogBlueprint:Error: [Compiler HoverComponent] Error This blueprint (self) is not a PrimitiveComponent, therefore ' Target ' must have a connection.
[2017.08.24-14.36.03:660][530]LogBlueprint:Warning: [Compiler HoverComponent] Warning [0276.55] Compile of HoverComponent failed. 1 Fatal Issue(s) 0 Warning(s) [in 95 ms] (/Game/Yappey/HoverComponent.HoverComponent)
[2017.08.24-14.36.03:660][530]LogBlueprint:Warning: [Compiler HoverComponent] Warning [0276.55] Compile of HoverComponent failed. 1 Fatal Issue(s) 1 Warning(s) [in 0 ms] (/Game/Yappey/HoverComponent.HoverComponent)
[2017.08.24-14.36.03:660][530]LogBlueprint:Warning: [Compiler HoverComponent] Warning [0276.55] Compile of HoverComponent failed. 1 Fatal Issue(s) 2 Warning(s) [in 0 ms] (/Game/Yappey/HoverComponent.HoverComponent)
[2017.08.24-14.36.03:660][530]LogBlueprint:Warning: [Compiler HoverComponent] Warning [0276.55] Compile of HoverComponent failed. 1 Fatal Issue(s) 3 Warning(s) [in 0 ms] (/Game/Yappey/HoverComponent.HoverComponent)
[2017.08.24-14.36.03:660][530]LogBlueprint:Warning: [Compiler HoverComponent] Warning [0276.55] Compile of HoverComponent failed. 1 Fatal Issue(s) 4 Warning(s) [in 0 ms] (/Game/Yappey/HoverComponent.HoverComponent)
[2017.08.24-14.36.03:660][530]LogBlueprint:Warning: [Compiler HoverComponent] Warning [0276.55] Compile of HoverComponent failed. 1 Fatal Issue(s) 5 Warning(s) [in 0 ms] (/Game/Yappey/HoverComponent.HoverComponent)
[2017.08.24-14.36.07:051][858]LogSlate: Took 0.000190 seconds to synchronously load lazily loaded font '../../../Engine/Content/Slate/Fonts/Roboto-Light.ttf' (159K)
[2017.08.24-14.36.07:390][858]LogContentBrowser: Native class hierarchy updated for 'SkeletonEditor' in 0.0008 seconds. Added 1 classes and 2 folders.
[2017.08.24-14.36.07:751][858]LogSlate: Took 0.000305 seconds to synchronously load lazily loaded font '../../../Engine/Content/Slate/Fonts/Roboto-Regular.ttf' (155K)
[2017.08.24-14.36.08:635][858]LogActorComponent: RegisterComponentWithWorld: (/Engine/Transient.World_2:PersistentLevel.Actor_0.DebugSkelMeshComponent_0) Already registered. Aborting.
[2017.08.24-14.36.09:062][858]LogSkeletalMesh: USkeletalMeshComponent::InitArticulated : Bodies already created (/Engine/Transient.World_2:PersistentLevel.Actor_0.DebugSkelMeshComponent_0) - call TermArticulated first.
[2017.08.24-14.36.10:123][858]LogSlate: Took 0.015703 seconds to synchronously load lazily loaded font '../../../Engine/Content/Editor/Slate/Fonts/Roboto-Italic.ttf' (157K)
[2017.08.24-14.36.10:232][858]LogContentBrowser: Native class hierarchy updated for 'ClothingSystemEditorInterface' in 0.0009 seconds. Added 1 classes and 0 folders.
[2017.08.24-14.36.10:340][858]LogRenderer: Reallocating scene render targets to support 1148x888 NumSamples 1 (Frame:1).
[2017.08.24-14.36.20:157][403]LogContentBrowser: Native class hierarchy updated for 'BlueprintGraph' in 0.0009 seconds. Added 112 classes and 0 folders.
[2017.08.24-14.36.22:321][403]LogSlate: Took 0.020337 seconds to synchronously load lazily loaded font '../../../Engine/Content/Editor/Slate/Fonts/Roboto-BoldCondensed.ttf' (158K)
[2017.08.24-14.36.25:837][606]LogRenderer: Reallocating scene render targets to support 1148x900 NumSamples 1 (Frame:1).
[2017.08.24-14.38.35:322][591]LogEditorViewport: Clicking on Actor (LMB): Battle_Bot_C (Car)
[2017.08.24-14.38.36:309][693]Cmd: DELETE
[2017.08.24-14.38.36:309][693]Cmd: ACTOR DELETE
[2017.08.24-14.38.36:504][693]LogEditorActor: Deleted Actor: Battle_Bot_C
[2017.08.24-14.38.36:590][693]LogEditorActor: Deleted 1 Actors (0.091 secs)
[2017.08.24-14.38.40:150][ 66]Cmd: CAMERA ALIGN ACTIVEVIEWPORTONLY
[2017.08.24-14.38.44:808][601]Cmd: CAMERA ALIGN ACTIVEVIEWPORTONLY
[2017.08.24-14.39.12:926][821]Cmd: OBJ SAVEPACKAGE PACKAGE="/Game/Test_Area" FILE="G:/UE4/BattleBot_Area_Proto/MyProject/Content/Test_Area.umap" SILENT=true AUTOSAVING=false KEEPDIRTY=false
[2017.08.24-14.39.13:468][821]LogSavePackage: Save=348.01ms
[2017.08.24-14.39.13:468][821]LogSavePackage: Moving 'G:/UE4/BattleBot_Area_Proto/MyProject/Saved/Test_AreaCF017123475DBF4D8D1669887B4F170E.tmp' to 'G:/UE4/BattleBot_Area_Proto/MyProject/Content/Test_Area.umap'
[2017.08.24-14.39.13:527][821]LogSavePackage:Display: Finished SavePackage G:/UE4/BattleBot_Area_Proto/MyProject/Content/Test_Area.umap
[2017.08.24-14.39.13:660][821]Cmd: OBJ SAVEPACKAGE PACKAGE="/Game/Test_Area_BuiltData" FILE="G:/UE4/BattleBot_Area_Proto/MyProject/Content/Test_Area_BuiltData.uasset" SILENT=true
[2017.08.24-14.39.13:777][821]LogSavePackage: Save=108.35ms
[2017.08.24-14.39.13:777][821]LogSavePackage: Moving 'G:/UE4/BattleBot_Area_Proto/MyProject/Saved/Test_Area_BuiltData76353BD2425EC0745A9490AB960E89C9.tmp' to 'G:/UE4/BattleBot_Area_Proto/MyProject/Content/Test_Area_BuiltData.uasset'
[2017.08.24-14.39.13:777][821]LogSavePackage:Display: Finished SavePackage G:/UE4/BattleBot_Area_Proto/MyProject/Content/Test_Area_BuiltData.uasset
[2017.08.24-14.39.34:297][231]Cmd: OBJ SAVEPACKAGE PACKAGE="/Game/Test_Area" FILE="G:/UE4/BattleBot_Area_Proto/MyProject/Content/Test_Area.umap" SILENT=true AUTOSAVING=false KEEPDIRTY=false
[2017.08.24-14.39.34:352][231]LogSavePackage: Save=33.89ms
[2017.08.24-14.39.34:352][231]LogSavePackage: Moving 'G:/UE4/BattleBot_Area_Proto/MyProject/Saved/Test_Area0B0F4DBE48889C65E5A76DA2FE3BD7B5.tmp' to 'G:/UE4/BattleBot_Area_Proto/MyProject/Content/Test_Area.umap'
[2017.08.24-14.39.34:353][231]LogSavePackage:Display: Finished SavePackage G:/UE4/BattleBot_Area_Proto/MyProject/Content/Test_Area.umap
[2017.08.24-14.39.34:378][231]Cmd: OBJ SAVEPACKAGE PACKAGE="/Game/Test_Area_BuiltData" FILE="G:/UE4/BattleBot_Area_Proto/MyProject/Content/Test_Area_BuiltData.uasset" SILENT=true
[2017.08.24-14.39.34:398][231]LogSavePackage: Save=14.05ms
[2017.08.24-14.39.34:398][231]LogSavePackage: Moving 'G:/UE4/BattleBot_Area_Proto/MyProject/Saved/Test_Area_BuiltData4E3A4ADE4EAA8F46E33A308D503874A2.tmp' to 'G:/UE4/BattleBot_Area_Proto/MyProject/Content/Test_Area_BuiltData.uasset'
[2017.08.24-14.39.34:399][231]LogSavePackage:Display: Finished SavePackage G:/UE4/BattleBot_Area_Proto/MyProject/Content/Test_Area_BuiltData.uasset
[2017.08.24-14.39.37:597][376]Cmd: OBJ SAVEPACKAGE PACKAGE="/Game/Yappey/Battle_Bot" FILE="G:/UE4/BattleBot_Area_Proto/MyProject/Content/Yappey/Battle_Bot.uasset" SILENT=true
[2017.08.24-14.39.37:685][376]LogSavePackage: Save=84.21ms
[2017.08.24-14.39.37:685][376]LogSavePackage: Moving 'G:/UE4/BattleBot_Area_Proto/MyProject/Saved/Battle_BotC1BDCBB547076F91C87D85A41E7C1FE7.tmp' to 'G:/UE4/BattleBot_Area_Proto/MyProject/Content/Yappey/Battle_Bot.uasset'
[2017.08.24-14.39.37:687][376]LogSavePackage:Display: Finished SavePackage G:/UE4/BattleBot_Area_Proto/MyProject/Content/Yappey/Battle_Bot.uasset
[2017.08.24-14.39.37:702][376]Cmd: OBJ SAVEPACKAGE PACKAGE="/Game/Yappey/Bot_Block" FILE="G:/UE4/BattleBot_Area_Proto/MyProject/Content/Yappey/Bot_Block.uasset" SILENT=true
[2017.08.24-14.39.37:752][376]LogSavePackage: Save=48.04ms
[2017.08.24-14.39.37:752][376]LogSavePackage: Moving 'G:/UE4/BattleBot_Area_Proto/MyProject/Saved/Bot_BlockDC0837E74D0AB6074DBFA7B7073163F4.tmp' to 'G:/UE4/BattleBot_Area_Proto/MyProject/Content/Yappey/Bot_Block.uasset'
[2017.08.24-14.39.37:754][376]LogSavePackage:Display: Finished SavePackage G:/UE4/BattleBot_Area_Proto/MyProject/Content/Yappey/Bot_Block.uasset
[2017.08.24-14.39.37:759][376]Cmd: OBJ SAVEPACKAGE PACKAGE="/Game/Yappey/HoverComponent" FILE="G:/UE4/BattleBot_Area_Proto/MyProject/Content/Yappey/HoverComponent.uasset" SILENT=true
[2017.08.24-14.39.37:797][376]LogSavePackage: Save=35.84ms
[2017.08.24-14.39.37:797][376]LogSavePackage: Moving 'G:/UE4/BattleBot_Area_Proto/MyProject/Saved/HoverComponentF133F1ED44CEC845E3941BA4025A8BE7.tmp' to 'G:/UE4/BattleBot_Area_Proto/MyProject/Content/Yappey/HoverComponent.uasset'
[2017.08.24-14.39.37:799][376]LogSavePackage:Display: Finished SavePackage G:/UE4/BattleBot_Area_Proto/MyProject/Content/Yappey/HoverComponent.uasset
[2017.08.24-14.39.37:966][376]LogWindowsTextInputMethodSystem:Display: IME system now deactivated.
[2017.08.24-14.39.37:966][376]LogWindowsTextInputMethodSystem:Display: IME system now deactivated.
[2017.08.24-14.39.38:315][377]Cmd: QUIT_EDITOR
[2017.08.24-14.39.38:700][377]LogExit: Preparing to exit.
[2017.08.24-14.39.39:743][377]LogExit: Editor shut down
[2017.08.24-14.39.39:746][377]LogExit: Transaction tracking system shut down
[2017.08.24-14.39.41:359][377]LogObj: Freed 0b from 0 cluster array pools.
[2017.08.24-14.39.41:359][377]LogExit: Object subsystem successfully closed.
[2017.08.24-14.39.41:544][377]LogD3D11RHI: Shutdown
[2017.08.24-14.39.41:544][377]LogD3D11RHI: CleanupD3DDevice
[2017.08.24-14.39.41:663][377]LogD3D11RHI: ~FD3D11DynamicRHI
[2017.08.24-14.39.42:543][377]LogModuleManager: Shutting down and abandoning module BlueprintGraph (538)
[2017.08.24-14.39.42:543][377]LogModuleManager: Shutting down and abandoning module BlueprintProfiler (536)
[2017.08.24-14.39.42:578][377]LogModuleManager: Shutting down and abandoning module ClothingSystemEditorInterface (534)
[2017.08.24-14.39.42:578][377]LogModuleManager: Shutting down and abandoning module SkeletonEditor (532)
[2017.08.24-14.39.42:578][377]LogModuleManager: Shutting down and abandoning module SkeletalMeshEditor (530)
[2017.08.24-14.39.42:578][377]LogModuleManager: Shutting down and abandoning module HierarchicalLODOutliner (528)
[2017.08.24-14.39.42:598][377]LogModuleManager: Shutting down and abandoning module CrashTracker (526)
[2017.08.24-14.39.42:598][377]LogModuleManager: Shutting down and abandoning module SceneOutliner (524)
[2017.08.24-14.39.42:598][377]LogModuleManager: Shutting down and abandoning module AddContentDialog (522)
[2017.08.24-14.39.42:614][377]LogDirectoryWatcher: A directory notification for 'E:/Paragon/UE_4.16/FeaturePacks/' was aborted.
[2017.08.24-14.39.42:615][377]LogModuleManager: Shutting down and abandoning module WidgetCarousel (521)
[2017.08.24-14.39.42:615][377]LogModuleManager: Shutting down and abandoning module EditorWidgets (518)
[2017.08.24-14.39.42:615][377]LogModuleManager: Shutting down and abandoning module CollectionManager (516)
[2017.08.24-14.39.42:615][377]LogDirectoryWatcher: A directory notification for 'G:/UE4/BattleBot_Area_Proto/MyProject/Content/Collections/' was aborted.
[2017.08.24-14.39.42:615][377]LogDirectoryWatcher: A directory notification for 'G:/UE4/BattleBot_Area_Proto/MyProject/Content/Developers/Tyler/Collections/' was aborted.
[2017.08.24-14.39.42:615][377]LogDirectoryWatcher: A directory notification for 'G:/UE4/BattleBot_Area_Proto/MyProject/Saved/Collections/' was aborted.
[2017.08.24-14.39.42:615][377]LogModuleManager: Shutting down and abandoning module StatsViewer (514)
[2017.08.24-14.39.42:625][377]LogModuleManager: Shutting down and abandoning module FoliageEdit (512)
[2017.08.24-14.39.42:625][377]LogModuleManager: Shutting down and abandoning module LandscapeEditor (510)
[2017.08.24-14.39.42:646][377]LogModuleManager: Shutting down and abandoning module MeshPaintMode (508)
[2017.08.24-14.39.42:647][377]LogModuleManager: Shutting down and abandoning module SceneDepthPickerMode (506)
[2017.08.24-14.39.42:647][377]LogModuleManager: Shutting down and abandoning module ActorPickerMode (504)
[2017.08.24-14.39.42:647][377]LogModuleManager: Shutting down and abandoning module GeometryMode (502)
[2017.08.24-14.39.42:647][377]LogModuleManager: Shutting down and abandoning module TextureAlignMode (500)
[2017.08.24-14.39.42:647][377]LogModuleManager: Shutting down and abandoning module BspMode (498)
[2017.08.24-14.39.42:655][377]LogModuleManager: Shutting down and abandoning module HardwareSurvey (496)
[2017.08.24-14.39.42:664][377]LogModuleManager: Shutting down and abandoning module SequenceRecorderSections (494)
[2017.08.24-14.39.42:675][377]LogModuleManager: Shutting down and abandoning module AutomationWorker (492)
[2017.08.24-14.39.42:688][377]LogModuleManager: Shutting down and abandoning module MatineeToLevelSequence (490)
[2017.08.24-14.39.42:701][377]LogModuleManager: Shutting down and abandoning module LevelSequenceEditor (488)
[2017.08.24-14.39.42:760][377]LogModuleManager: Shutting down and abandoning module PlacementMode (487)
[2017.08.24-14.39.42:760][377]LogModuleManager: Shutting down and abandoning module WmfMediaFactory (484)
[2017.08.24-14.39.42:760][377]LogModuleManager: Shutting down and abandoning module WmfMediaEditor (482)
[2017.08.24-14.39.42:760][377]LogModuleManager: Shutting down and abandoning module AvfMediaFactory (480)
[2017.08.24-14.39.42:760][377]LogModuleManager: Shutting down and abandoning module AvfMediaEditor (478)
[2017.08.24-14.39.42:760][377]LogModuleManager: Shutting down and abandoning module AndroidMediaFactory (476)
[2017.08.24-14.39.42:760][377]LogModuleManager: Shutting down and abandoning module Media (475)
[2017.08.24-14.39.42:760][377]LogModuleManager: Shutting down and abandoning module AndroidMediaEditor (472)
[2017.08.24-14.39.42:760][377]LogModuleManager: Shutting down and abandoning module CharacterAI (470)
[2017.08.24-14.39.42:760][377]LogModuleManager: Shutting down and abandoning module AudioCapture (468)
[2017.08.24-14.39.42:780][377]LogModuleManager: Shutting down and abandoning module SequenceRecorder (467)
[2017.08.24-14.39.42:812][377]LogModuleManager: Shutting down and abandoning module SmartSnapping (464)
[2017.08.24-14.39.42:812][377]LogModuleManager: Shutting down and abandoning module SessionServices (462)
[2017.08.24-14.39.42:812][377]LogModuleManager: Shutting down and abandoning module ViewportSnapping (460)
[2017.08.24-14.39.42:812][377]LogModuleManager: Shutting down and abandoning module ViewportInteraction (458)
[2017.08.24-14.39.42:812][377]LogModuleManager: Shutting down and abandoning module ClothPainter (456)
[2017.08.24-14.39.42:834][377]LogModuleManager: Shutting down and abandoning module LogVisualizer (454)
[2017.08.24-14.39.42:849][377]LogModuleManager: Shutting down and abandoning module IntroTutorials (452)
[2017.08.24-14.39.42:880][377]LogModuleManager: Shutting down and abandoning module GameProjectGeneration (451)
[2017.08.24-14.39.42:895][377]LogModuleManager: Shutting down and abandoning module EditorLiveStreaming (448)
[2017.08.24-14.39.42:895][377]LogModuleManager: Shutting down and abandoning module IOSPlatformEditor (446)
[2017.08.24-14.39.42:917][377]LogModuleManager: Shutting down and abandoning module HTML5PlatformEditor (444)
[2017.08.24-14.39.42:917][377]LogModuleManager: Shutting down and abandoning module AndroidPlatformEditor (442)
[2017.08.24-14.39.42:917][377]LogModuleManager: Shutting down and abandoning module AndroidDeviceDetection (441)
[2017.08.24-14.39.43:292][377]LogModuleManager: Shutting down and abandoning module IOSRuntimeSettings (438)
[2017.08.24-14.39.43:292][377]LogModuleManager: Shutting down and abandoning module AndroidRuntimeSettings (436)
[2017.08.24-14.39.43:292][377]LogModuleManager: Shutting down and abandoning module InputBindingEditor (434)
[2017.08.24-14.39.43:314][377]LogModuleManager: Shutting down and abandoning module MergeActors (432)
[2017.08.24-14.39.43:325][377]LogModuleManager: Shutting down and abandoning module SizeMap (430)
[2017.08.24-14.39.43:325][377]LogModuleManager: Shutting down and abandoning module TreeMap (428)
[2017.08.24-14.39.43:338][377]LogModuleManager: Shutting down and abandoning module ReferenceViewer (426)
[2017.08.24-14.39.43:344][377]LogModuleManager: Shutting down and abandoning module LocalizationDashboard (424)
[2017.08.24-14.39.43:364][377]LogModuleManager: Shutting down and abandoning module LocalizationService (423)
[2017.08.24-14.39.43:373][377]LogModuleManager: Shutting down and abandoning module HardwareTargeting (420)
[2017.08.24-14.39.43:373][377]LogModuleManager: Shutting down and abandoning module DeviceProfileEditor (418)
[2017.08.24-14.39.43:382][377]LogModuleManager: Shutting down and abandoning module UndoHistory (416)
[2017.08.24-14.39.43:396][377]LogModuleManager: Shutting down and abandoning module UserFeedback (414)
[2017.08.24-14.39.43:396][377]LogModuleManager: Shutting down and abandoning module XmlParser (412)
[2017.08.24-14.39.43:405][377]LogModuleManager: Shutting down and abandoning module Blutility (410)
[2017.08.24-14.39.43:416][377]LogModuleManager: Shutting down and abandoning module ProjectSettingsViewer (408)
[2017.08.24-14.39.43:416][377]LogModuleManager: Shutting down and abandoning module ProjectTargetPlatformEditor (407)
[2017.08.24-14.39.43:417][377]LogModuleManager: Shutting down and abandoning module EditorSettingsViewer (404)
[2017.08.24-14.39.43:417][377]LogModuleManager: Shutting down and abandoning module SettingsEditor (402)
[2017.08.24-14.39.43:427][377]LogModuleManager: Shutting down and abandoning module ProjectLauncher (400)
[2017.08.24-14.39.43:441][377]LogModuleManager: Shutting down and abandoning module SessionFrontend (398)
[2017.08.24-14.39.43:456][377]LogModuleManager: Shutting down and abandoning module ProfilerClient (396)
[2017.08.24-14.39.43:486][377]LogModuleManager: Shutting down and abandoning module DeviceManager (394)
[2017.08.24-14.39.43:502][377]LogModuleManager: Shutting down and abandoning module TargetDeviceServices (393)
[2017.08.24-14.39.43:574][377]LogModuleManager: Shutting down and abandoning module AutomationController (390)
[2017.08.24-14.39.43:591][377]LogModuleManager: Shutting down and abandoning module AutomationWindow (388)
[2017.08.24-14.39.43:612][377]LogModuleManager: Shutting down and abandoning module Layers (386)
[2017.08.24-14.39.43:647][377]LogModuleManager: Shutting down and abandoning module ComponentVisualizers (384)
[2017.08.24-14.39.43:647][377]LogModuleManager: Shutting down and abandoning module DetailCustomizations (382)
[2017.08.24-14.39.43:659][377]LogModuleManager: Shutting down and abandoning module PackagesDialog (380)
[2017.08.24-14.39.43:659][377]LogModuleManager: Shutting down and abandoning module Persona (378)
[2017.08.24-14.39.43:672][377]LogModuleManager: Shutting down and abandoning module AdvancedPreviewScene (377)
[2017.08.24-14.39.43:672][377]LogModuleManager: Shutting down and abandoning module AnimGraph (375)
[2017.08.24-14.39.43:672][377]LogModuleManager: Shutting down and abandoning module Kismet (372)
[2017.08.24-14.39.43:678][377]LogModuleManager: Shutting down and abandoning module ClassViewer (370)
[2017.08.24-14.39.43:678][377]LogModuleManager: Shutting down and abandoning module Toolbox (368)
[2017.08.24-14.39.43:689][377]LogModuleManager: Shutting down and abandoning module ModuleUI (366)
[2017.08.24-14.39.43:723][377]LogModuleManager: Shutting down and abandoning module MovieSceneTools (364)
[2017.08.24-14.39.43:750][377]LogModuleManager: Shutting down and abandoning module OutputLog (362)
[2017.08.24-14.39.43:768][377]LogModuleManager: Shutting down and abandoning module GammaUI (360)
[2017.08.24-14.39.43:777][377]LogModuleManager: Shutting down and abandoning module Documentation (358)
[2017.08.24-14.39.43:778][377]LogModuleManager: Shutting down and abandoning module MovieSceneTracks (356)
[2017.08.24-14.39.43:778][377]LogModuleManager: Shutting down and abandoning module MovieScene (354)
[2017.08.24-14.39.43:778][377]LogModuleManager: Shutting down and abandoning module Niagara (352)
[2017.08.24-14.39.43:778][377]LogModuleManager: Shutting down and abandoning module NiagaraEditor (351)
[2017.08.24-14.39.43:808][377]LogModuleManager: Shutting down and abandoning module StreamingPauseRendering (348)
[2017.08.24-14.39.43:808][377]LogModuleManager: Shutting down and abandoning module AnalyticsET (346)
[2017.08.24-14.39.43:808][377]LogModuleManager: Shutting down and abandoning module PortalServices (344)
[2017.08.24-14.39.43:808][377]LogModuleManager: Shutting down and abandoning module PortalRpc (342)
[2017.08.24-14.39.43:808][377]LogModuleManager: Shutting down and abandoning module MessagingRpc (340)
[2017.08.24-14.39.43:808][377]LogModuleManager: Shutting down and abandoning module AIModule (338)
[2017.08.24-14.39.43:808][377]LogModuleManager: Shutting down and abandoning module GameplayDebugger (337)
[2017.08.24-14.39.43:822][377]LogModuleManager: Shutting down and abandoning module AITestSuite (335)
[2017.08.24-14.39.43:835][377]LogModuleManager: Shutting down and abandoning module ProfilerService (332)
[2017.08.24-14.39.43:996][377]LogModuleManager: Shutting down and abandoning module TaskGraph (330)
[2017.08.24-14.39.44:024][377]LogModuleManager: Shutting down and abandoning module SubstanceEditor (328)
[2017.08.24-14.39.44:039][377]LogModuleManager: Shutting down and abandoning module SteamVRController (326)
[2017.08.24-14.39.44:039][377]LogModuleManager: Shutting down and abandoning module SteamVR (324)
[2017.08.24-14.39.44:039][377]LogModuleManager: Shutting down and abandoning module ProceduralMeshComponentEditor (322)
[2017.08.24-14.39.44:043][377]LogModuleManager: Shutting down and abandoning module ProceduralMeshComponent (320)
[2017.08.24-14.39.44:055][377]LogModuleManager: Shutting down and abandoning module OculusLibrary (318)
[2017.08.24-14.39.44:055][377]LogModuleManager: Shutting down and abandoning module OculusInput (316)
[2017.08.24-14.39.44:055][377]LogModuleManager: Shutting down and abandoning module MobilePatchingUtils (314)
[2017.08.24-14.39.44:055][377]LogModuleManager: Shutting down and abandoning module CustomMeshComponent (312)
[2017.08.24-14.39.44:055][377]LogModuleManager: Shutting down and abandoning module CableComponent (310)
[2017.08.24-14.39.44:061][377]LogModuleManager: Shutting down and abandoning module ArchVisCharacter (308)
[2017.08.24-14.39.44:061][377]LogModuleManager: Shutting down and abandoning module AndroidPermission (306)
[2017.08.24-14.39.44:061][377]LogModuleManager: Shutting down and abandoning module MediaPlayerEditor (302)
[2017.08.24-14.39.44:085][377]LogModuleManager: Shutting down and abandoning module HTML5Networking (300)
[2017.08.24-14.39.44:085][377]LogModuleManager: Shutting down and abandoning module AlembicImporter (298)
[2017.08.24-14.39.44:097][377]LogModuleManager: Shutting down and abandoning module AlembicLibrary (297)
[2017.08.24-14.39.44:097][377]LogModuleManager: Shutting down and abandoning module GeometryCache (296)
[2017.08.24-14.39.44:110][377]LogModuleManager: Shutting down and abandoning module GeometryCacheEd (295)
[2017.08.24-14.39.44:110][377]LogModuleManager: Shutting down and abandoning module SuperSearchEditor (290)
[2017.08.24-14.39.44:110][377]LogModuleManager: Shutting down and abandoning module SuperSearch (289)
[2017.08.24-14.39.44:110][377]LogModuleManager: Shutting down and abandoning module SpeedTreeImporter (286)
[2017.08.24-14.39.44:110][377]LogModuleManager: Shutting down and abandoning module PluginBrowser (284)
[2017.08.24-14.39.44:162][377]LogModuleManager: Shutting down and abandoning module MobileLauncherProfileWizard (282)
[2017.08.24-14.39.44:175][377]LogModuleManager: Shutting down and abandoning module VisualStudioSourceCodeAccess (280)
[2017.08.24-14.39.44:175][377]LogModuleManager: Shutting down and abandoning module DesktopPlatform (279)
[2017.08.24-14.39.44:175][377]LogModuleManager: Shutting down and abandoning module UObjectPlugin (276)
[2017.08.24-14.39.44:175][377]LogModuleManager: Shutting down and abandoning module SubversionSourceControl (274)
[2017.08.24-14.39.44:196][377]LogModuleManager: Shutting down and abandoning module PerforceSourceControl (272)
[2017.08.24-14.39.44:208][377]LogModuleManager: Shutting down and abandoning module GitSourceControl (270)
[2017.08.24-14.39.44:220][377]LogModuleManager: Shutting down and abandoning module SourceControl (269)
[2017.08.24-14.39.44:264][377]LogModuleManager: Shutting down and abandoning module LightPropagationVolumeEditor (266)
[2017.08.24-14.39.44:264][377]LogModuleManager: Shutting down and abandoning module PaperTiledImporter (264)
[2017.08.24-14.39.44:264][377]LogModuleManager: Shutting down and abandoning module PaperSpriteSheetImporter (262)
[2017.08.24-14.39.44:264][377]LogModuleManager: Shutting down and abandoning module Paper2DEditor (260)
[2017.08.24-14.39.44:274][377]LogModuleManager: Shutting down and abandoning module MeshPaint (259)
[2017.08.24-14.39.44:280][377]LogModuleManager: Shutting down and abandoning module LevelEditor (257)
[2017.08.24-14.39.44:293][377]LogModuleManager: Shutting down and abandoning module PixelInspectorModule (256)
[2017.08.24-14.39.44:305][377]LogModuleManager: Shutting down and abandoning module MainFrame (254)
[2017.08.24-14.39.44:312][377]LogModuleManager: Shutting down and abandoning module HotReload (253)
[2017.08.24-14.39.44:323][377]LogModuleManager: Shutting down and abandoning module PhysXVehiclesEditor (248)
[2017.08.24-14.39.44:332][377]LogModuleManager: Shutting down and abandoning module PhysXVehicles (246)
[2017.08.24-14.39.44:332][377]LogModuleManager: Shutting down and abandoning module LocationServicesBPLibrary (244)
[2017.08.24-14.39.44:332][377]LogModuleManager: Shutting down and abandoning module ImmediatePhysicsEditor (242)
[2017.08.24-14.39.44:332][377]LogModuleManager: Shutting down and abandoning module ImmediatePhysics (240)
[2017.08.24-14.39.44:339][377]LogModuleManager: Shutting down and abandoning module UdpMessaging (238)
[2017.08.24-14.39.44:440][377]LogModuleManager: Shutting down and abandoning module TcpMessaging (236)
[2017.08.24-14.39.44:552][377]LogModuleManager: Shutting down and abandoning module SubstanceCore (234)
[2017.08.24-14.39.44:565][377]LogModuleManager: Shutting down and abandoning module GameplayTagsEditor (232)
[2017.08.24-14.39.44:589][377]LogModuleManager: Shutting down and abandoning module FacialAnimationEditor (230)
[2017.08.24-14.39.44:597][377]LogModuleManager: Shutting down and abandoning module FacialAnimation (228)
[2017.08.24-14.39.44:597][377]LogModuleManager: Shutting down and abandoning module AssetManagerEditor (226)
[2017.08.24-14.39.44:630][377]LogModuleManager: Shutting down and abandoning module GraphEditor (225)
[2017.08.24-14.39.44:630][377]LogModuleManager: Shutting down and abandoning module ContentBrowser (223)
[2017.08.24-14.39.44:631][377]LogModuleManager: Shutting down and abandoning module LightPropagationVolumeRuntime (220)
[2017.08.24-14.39.44:631][377]LogModuleManager: Shutting down and abandoning module Paper2D (218)
[2017.08.24-14.39.44:642][377]LogModuleManager: Shutting down and abandoning module WindowsMoviePlayer (216)
[2017.08.24-14.39.44:642][377]LogModuleManager: Shutting down and abandoning module WmfMedia (214)
[2017.08.24-14.39.44:669][377]LogModuleManager: Shutting down and abandoning module ClothingSystemEditor (212)
[2017.08.24-14.39.44:669][377]LogModuleManager: Shutting down and abandoning module ClothingSystemRuntime (210)
[2017.08.24-14.39.44:689][377]LogModuleManager: Shutting down and abandoning module MediaAssets (208)
[2017.08.24-14.39.44:689][377]LogModuleManager: Shutting down and abandoning module GameLiveStreaming (206)
[2017.08.24-14.39.44:696][377]LogModuleManager: Shutting down and abandoning module VREditor (204)
[2017.08.24-14.39.44:704][377]LogModuleManager: Shutting down and abandoning module StringTableEditor (202)
[2017.08.24-14.39.44:720][377]LogModuleManager: Shutting down and abandoning module GameplayTasksEditor (200)
[2017.08.24-14.39.44:720][377]LogModuleManager: Shutting down and abandoning module BehaviorTreeEditor (198)
[2017.08.24-14.39.44:735][377]LogModuleManager: Shutting down and abandoning module FunctionalTesting (196)
[2017.08.24-14.39.44:735][377]LogModuleManager: Shutting down and abandoning module CollisionAnalyzer (194)
[2017.08.24-14.39.44:764][377]LogModuleManager: Shutting down and abandoning module UMG (192)
[2017.08.24-14.39.44:776][377]LogModuleManager: Shutting down and abandoning module UMGEditor (191)
[2017.08.24-14.39.44:816][377]LogModuleManager: Shutting down and abandoning module Sequencer (190)
[2017.08.24-14.39.44:830][377]LogModuleManager: Shutting down and abandoning module AssetTools (188)
[2017.08.24-14.39.44:866][377]LogModuleManager: Shutting down and abandoning module MessageLog (187)
[2017.08.24-14.39.44:866][377]LogModuleManager: Shutting down and abandoning module WorkspaceMenuStructure (186)
[2017.08.24-14.39.44:866][377]LogModuleManager: Shutting down and abandoning module SlateReflector (180)
[2017.08.24-14.39.44:900][377]LogModuleManager: Shutting down and abandoning module Slate (178)
[2017.08.24-14.39.44:900][377]LogModuleManager: Shutting down and abandoning module EditorStyle (176)
[2017.08.24-14.39.44:902][377]LogModuleManager: Shutting down and abandoning module SourceCodeAccess (174)
[2017.08.24-14.39.44:902][377]LogModuleManager: Shutting down and abandoning module HeadMountedDisplay (172)
[2017.08.24-14.39.44:902][377]LogModuleManager: Shutting down and abandoning module XAudio2 (170)
[2017.08.24-14.39.44:902][377]LogModuleManager: Shutting down and abandoning module Networking (168)
[2017.08.24-14.39.44:902][377]LogModuleManager: Shutting down and abandoning module Core (164)
[2017.08.24-14.39.44:902][377]LogModuleManager: Shutting down and abandoning module AssetRegistry (162)
[2017.08.24-14.39.45:005][377]LogDirectoryWatcher: A directory notification for '../../../Engine/Content/' was aborted.
[2017.08.24-14.39.45:005][377]LogDirectoryWatcher: A directory notification for 'G:/UE4/BattleBot_Area_Proto/MyProject/Content/' was aborted.
[2017.08.24-14.39.45:005][377]LogDirectoryWatcher: A directory notification for '../../../Engine/Plugins/2D/Paper2D/Content/' was aborted.
[2017.08.24-14.39.45:005][377]LogDirectoryWatcher: A directory notification for '../../../Engine/Plugins/Runtime/GearVR/Content/' was aborted.
[2017.08.24-14.39.45:013][377]LogModuleManager: Shutting down and abandoning module DirectoryWatcher (161)
[2017.08.24-14.39.45:013][377]LogModuleManager: Shutting down and abandoning module KismetCompiler (158)
[2017.08.24-14.39.45:013][377]LogModuleManager: Shutting down and abandoning module LevelSequence (156)
[2017.08.24-14.39.45:013][377]LogModuleManager: Shutting down and abandoning module PhysXFormats (154)
[2017.08.24-14.39.45:013][377]LogModuleManager: Shutting down and abandoning module MeshUtilities (152)
[2017.08.24-14.39.45:020][377]LogModuleManager: Shutting down and abandoning module SimplygonSwarm (151)
[2017.08.24-14.39.45:028][377]LogModuleManager: Shutting down and abandoning module SimplygonMeshReduction (149)
[2017.08.24-14.39.45:028][377]LogModuleManager: Shutting down and abandoning module QuadricMeshReduction (147)
[2017.08.24-14.39.45:043][377]LogModuleManager: Shutting down and abandoning module DerivedDataCache (144)
[2017.08.24-14.39.45:108][377]LogDerivedDataCache: Shutdown
[2017.08.24-14.39.45:123][377]LogModuleManager: Shutting down and abandoning module TargetPlatform (142)
[2017.08.24-14.39.45:123][377]LogModuleManager: Shutting down and abandoning module VulkanShaderFormat (141)
[2017.08.24-14.39.45:141][377]LogModuleManager: Shutting down and abandoning module ShaderFormatVectorVM (139)
[2017.08.24-14.39.45:170][377]LogModuleManager: Shutting down and abandoning module ShaderFormatOpenGL (137)
[2017.08.24-14.39.45:176][377]LogModuleManager: Shutting down and abandoning module ShaderFormatD3D (135)
[2017.08.24-14.39.45:189][377]LogModuleManager: Shutting down and abandoning module MetalShaderFormat (133)
[2017.08.24-14.39.45:219][377]LogModuleManager: Shutting down and abandoning module TextureFormatUncompressed (131)
[2017.08.24-14.39.45:219][377]LogModuleManager: Shutting down and abandoning module TextureFormatPVR (129)
[2017.08.24-14.39.45:219][377]LogModuleManager: Shutting down and abandoning module TextureFormatDXT (127)
[2017.08.24-14.39.45:236][377]LogModuleManager: Shutting down and abandoning module TextureFormatIntelISPCTexComp (125)
[2017.08.24-14.39.45:246][377]LogModuleManager: Shutting down and abandoning module TextureFormatASTC (123)
[2017.08.24-14.39.45:246][377]LogModuleManager: Shutting down and abandoning module ImageWrapper (122)
[2017.08.24-14.39.45:246][377]LogModuleManager: Shutting down and abandoning module TextureFormatAndroid (119)
[2017.08.24-14.39.45:246][377]LogModuleManager: Shutting down and abandoning module AudioFormatOpus (117)
[2017.08.24-14.39.45:246][377]LogModuleManager: Shutting down and abandoning module AudioFormatOgg (115)
[2017.08.24-14.39.45:246][377]LogModuleManager: Shutting down and abandoning module AudioFormatADPCM (113)
[2017.08.24-14.39.45:246][377]LogModuleManager: Shutting down and abandoning module LinuxTargetPlatform (111)
[2017.08.24-14.39.45:246][377]LogModuleManager: Shutting down and abandoning module LinuxServerTargetPlatform (109)
[2017.08.24-14.39.45:246][377]LogModuleManager: Shutting down and abandoning module LinuxNoEditorTargetPlatform (107)
[2017.08.24-14.39.45:246][377]LogModuleManager: Shutting down and abandoning module LinuxClientTargetPlatform (105)
[2017.08.24-14.39.45:246][377]LogModuleManager: Shutting down and abandoning module TVOSTargetPlatform (103)
[2017.08.24-14.39.45:246][377]LogModuleManager: Shutting down and abandoning module Messaging (101)
[2017.08.24-14.39.45:246][377]LogModuleManager: Shutting down and abandoning module IOSTargetPlatform (99)
[2017.08.24-14.39.45:246][377]LogModuleManager: Shutting down and abandoning module HTML5TargetPlatform (97)
[2017.08.24-14.39.45:246][377]LogModuleManager: Shutting down and abandoning module Android_PVRTCTargetPlatform (95)
[2017.08.24-14.39.45:254][377]LogModuleManager: Shutting down and abandoning module Android_MultiTargetPlatform (93)
[2017.08.24-14.39.45:254][377]LogModuleManager: Shutting down and abandoning module Android_ETC2TargetPlatform (91)
[2017.08.24-14.39.45:262][377]LogModuleManager: Shutting down and abandoning module Android_ETC1TargetPlatform (89)
[2017.08.24-14.39.45:270][377]LogModuleManager: Shutting down and abandoning module Android_DXTTargetPlatform (87)
[2017.08.24-14.39.45:277][377]LogModuleManager: Shutting down and abandoning module Android_ATCTargetPlatform (85)
[2017.08.24-14.39.45:295][377]LogModuleManager: Shutting down and abandoning module Android_ASTCTargetPlatform (83)
[2017.08.24-14.39.45:295][377]LogModuleManager: Shutting down and abandoning module AndroidTargetPlatform (81)
[2017.08.24-14.39.45:306][377]LogModuleManager: Shutting down and abandoning module WindowsTargetPlatform (79)
[2017.08.24-14.39.45:306][377]LogModuleManager: Shutting down and abandoning module WindowsServerTargetPlatform (77)
[2017.08.24-14.39.45:306][377]LogModuleManager: Shutting down and abandoning module WindowsNoEditorTargetPlatform (75)
[2017.08.24-14.39.45:306][377]LogModuleManager: Shutting down and abandoning module WindowsClientTargetPlatform (73)
[2017.08.24-14.39.45:306][377]LogModuleManager: Shutting down and abandoning module MacTargetPlatform (71)
[2017.08.24-14.39.45:306][377]LogModuleManager: Shutting down and abandoning module MacServerTargetPlatform (69)
[2017.08.24-14.39.45:306][377]LogModuleManager: Shutting down and abandoning module MacNoEditorTargetPlatform (67)
[2017.08.24-14.39.45:306][377]LogModuleManager: Shutting down and abandoning module MacClientTargetPlatform (65)
[2017.08.24-14.39.45:306][377]LogModuleManager: Shutting down and abandoning module AllDesktopTargetPlatform (63)
[2017.08.24-14.39.45:306][377]LogModuleManager: Shutting down and abandoning module InputCore (60)
[2017.08.24-14.39.45:306][377]LogModuleManager: Shutting down and abandoning module Settings (58)
[2017.08.24-14.39.45:306][377]LogModuleManager: Shutting down and abandoning module OculusRift (56)
[2017.08.24-14.39.45:315][377]LogModuleManager: Shutting down and abandoning module GearVRController (54)
[2017.08.24-14.39.45:315][377]LogModuleManager: Shutting down and abandoning module GearVR (52)
[2017.08.24-14.39.45:335][377]LogModuleManager: Shutting down and abandoning module ExampleDeviceProfileSelector (50)
[2017.08.24-14.39.45:335][377]LogModuleManager: Shutting down and abandoning module OnlineBlueprintSupport (48)
[2017.08.24-14.39.45:335][377]LogModuleManager: Shutting down and abandoning module OnlineSubsystem (44)
[2017.08.24-14.39.45:335][377]LogOnline:Display: Unloading online subsystem: NULL
[2017.08.24-14.39.45:376][377]LogModuleManager: Shutting down and abandoning module XMPP (43)
[2017.08.24-14.39.45:407][377]LogModuleManager: Shutting down and abandoning module HTTP (41)
[2017.08.24-14.39.45:407][377]LogHttp:Display: Http module shutting down, but needs to wait on 1 outstanding Http requests:
[2017.08.24-14.39.45:415][377]LogHttp:Display: 	verb=[POST] url=[https://datarouter.ol.epicgames.com/datarouter/api/v1/public/data?SessionID=%7B4C5982A3-4DAF-5220-5EC8-04A8DFF0D282%7D&AppID=UEEditor.Rocket.Release&AppVersion=4.16.3-3561208%2B%2B%2BUE4%2BRelease-4.16&UserID=16e32b4e4bec8d74ad7e8cb06f9a4a1c%7Cd8452a0630b34a9ca448d47e49097641%7C030e3067-1df6-4ffc-9c50-df4681af5b04&AppEnvironment=datacollector-binary&UploadType=eteventstream] status=Processing
[2017.08.24-14.39.45:421][377]LogModuleManager: Shutting down and abandoning module SSL (40)
[2017.08.24-14.39.45:434][377]LogModuleManager: Shutting down and abandoning module HTTPChunkInstaller (36)
[2017.08.24-14.39.45:472][377]LogModuleManager: Shutting down and abandoning module AnimationModifiers (34)
[2017.08.24-14.39.45:483][377]LogModuleManager: Shutting down and abandoning module PropertyEditor (33)
[2017.08.24-14.39.45:483][377]LogModuleManager: Shutting down and abandoning module AudioEditor (30)
[2017.08.24-14.39.45:516][377]LogModuleManager: Shutting down and abandoning module TextureCompressor (28)
[2017.08.24-14.39.45:536][377]LogModuleManager: Shutting down and abandoning module ShaderCore (26)
[2017.08.24-14.39.45:536][377]LogModuleManager: Shutting down and abandoning module Landscape (24)
[2017.08.24-14.39.45:536][377]LogModuleManager: Shutting down and abandoning module SlateRHIRenderer (22)
[2017.08.24-14.39.45:559][377]LogModuleManager: Shutting down and abandoning module OpenGLDrv (20)
[2017.08.24-14.39.45:579][377]LogModuleManager: Shutting down and abandoning module D3D11RHI (18)
[2017.08.24-14.39.45:579][377]LogModuleManager: Shutting down and abandoning module AnimGraphRuntime (16)
[2017.08.24-14.39.45:593][377]LogModuleManager: Shutting down and abandoning module Renderer (14)
[2017.08.24-14.39.45:593][377]LogModuleManager: Shutting down and abandoning module Engine (12)
[2017.08.24-14.39.45:593][377]LogModuleManager: Shutting down and abandoning module CoreUObject (10)
[2017.08.24-14.39.45:593][377]LogModuleManager: Shutting down and abandoning module NetworkFile (8)
[2017.08.24-14.39.45:619][377]LogModuleManager: Shutting down and abandoning module StreamingFile (6)
[2017.08.24-14.39.45:626][377]LogModuleManager: Shutting down and abandoning module SandboxFile (4)
[2017.08.24-14.39.45:626][377]LogModuleManager: Shutting down and abandoning module PakFile (2)
[2017.08.24-14.39.45:648][377]LogExit: Exiting.
[2017.08.24-14.39.45:659][377]Log file closed, 08/24/17 23:39:45
