Log file open, 08/26/17 14:26:38
LogInit:Display: Running engine for game: BattleBot_Prototype
LogPlatformFile: Not using cached read wrapper
LogInit:Display: RandInit(1880319682) SRandInit(1880319682).
LogTaskGraph: Started task graph with 5 named threads and 8 total threads with 1 sets of task threads.
LogStats: Stats thread started at 3.073899
LogInit: Using libcurl 7.47.1
LogInit:  - built for x86_64-pc-win32
LogInit:  - supports SSL with OpenSSL/1.0.2g
LogInit:  - supports HTTP deflate (compression) using libz 1.2.8
LogInit:  - other features:
LogInit:      CURL_VERSION_SSL
LogInit:      CURL_VERSION_LIBZ
LogInit:      CURL_VERSION_IPV6
LogInit:      CURL_VERSION_ASYNCHDNS
LogInit:      CURL_VERSION_LARGEFILE
LogInit:      CURL_VERSION_IDN
LogInit:  CurlRequestOptions (configurable via config and command line):
LogInit:  - bVerifyPeer = false  - Libcurl will NOT verify peer certificate
LogInit:  - bUseHttpProxy = false  - Libcurl will NOT use HTTP proxy
LogInit:  - bDontReuseConnections = false  - Libcurl will reuse connections
LogInit:  - CertBundlePath = nullptr  - Libcurl will use whatever was configured at build time.
LogInit: Build: ++UE4+Release-4.16-CL-3561208
LogInit: Engine Version: 4.16.3-3561208+++UE4+Release-4.16
LogInit: Compatible Engine Version: 4.16.0-3452394+++UE4+Release-4.16
LogInit: Net CL: 3452394
LogDevObjectVersion: Number of dev versions registered: 16
LogDevObjectVersion:   Dev-Blueprints (B0D832E4-1F89-4F0D-ACCF-7EB736FD4AA2): 9
LogDevObjectVersion:   Dev-Build (E1C64328-A22C-4D53-A36C-8E866417BD8C): 0
LogDevObjectVersion:   Dev-Core (375EC13C-06E4-48FB-B500-84F0262A717E): 2
LogDevObjectVersion:   Dev-Editor (E4B068ED-F494-42E9-A231-DA0B2E46BB41): 17
LogDevObjectVersion:   Dev-Framework (CFFC743F-43B0-4480-9391-14DF171D2073): 23
LogDevObjectVersion:   Dev-Mobile (B02B49B5-BB20-44E9-A304-32B752E40360): 0
LogDevObjectVersion:   Dev-Networking (A4E4105C-59A1-49B5-A7C5-40C4547EDFEE): 0
LogDevObjectVersion:   Dev-Online (39C831C9-5AE6-47DC-9A44-9C173E1C8E7C): 0
LogDevObjectVersion:   Dev-Physics (78F01B33-EBEA-4F98-B9B4-84EACCB95AA2): 0
LogDevObjectVersion:   Dev-Platform (6631380F-2D4D-43E0-8009-CF276956A95A): 0
LogDevObjectVersion:   Dev-Rendering (12F88B9F-8875-4AFC-A67C-D90C383ABD29): 15
LogDevObjectVersion:   Dev-Sequencer (7B5AE74C-D270-4C10-A958-57980B212A5A): 4
LogDevObjectVersion:   Dev-VR (D7296918-1DD6-4BDD-9DE2-64A83CC13884): 0
LogDevObjectVersion:   Dev-LoadTimes (C2A15278-BFE7-4AFE-6C17-90FF531DF755): 1
LogDevObjectVersion:   Private-Geometry (6EACA3D4-40EC-4CC1-B786-8BED09428FC5): 1
LogDevObjectVersion:   Dev-AnimPhys (29E575DD-E0A3-4627-9D10-D276232CDCEA): 3
LogInit: Compiled (64-bit): Jul 28 2017 11:49:47
LogInit: Compiled with Visual C++: 19.00.24215.01
LogInit: Build Configuration: Development
LogInit: Branch Name: ++UE4+Release-4.16
LogInit: Command line:  
LogInit: Base directory: E:/Paragon/UE_4.16/Engine/Binaries/Win64/
LogInit: Installed Engine Build: 1
LogInit: Presizing for max 8388607 objects, including 0 objects not considered by GC, pre-allocating 0 bytes for permanent pool.
LogInit: Object subsystem initialized
[2017.08.26-05.26.39:593][  0]LogInit: Selected Device Profile: [Windows]
[2017.08.26-05.26.39:593][  0]LogInit: Applying CVar settings loaded from the selected device profile: [Windows]
[2017.08.26-05.26.39:707][  0]LogInit: Computer: TYLER-PC
[2017.08.26-05.26.39:707][  0]LogInit: User: Tyler
[2017.08.26-05.26.39:707][  0]LogInit: CPU Page size=4096, Cores=4
[2017.08.26-05.26.39:707][  0]LogInit: High frequency timer resolution =3.417969 MHz
[2017.08.26-05.26.39:707][  0]LogMemory: Memory total: Physical=15.9GB (16GB approx)
[2017.08.26-05.26.39:707][  0]LogMemory: Platform Memory Stats for Windows
[2017.08.26-05.26.39:707][  0]LogMemory: Process Physical Memory: 272.40 MB used, 272.40 MB peak
[2017.08.26-05.26.39:707][  0]LogMemory: Process Virtual Memory: 261.02 MB used, 261.02 MB peak
[2017.08.26-05.26.39:707][  0]LogMemory: Physical Memory: 9083.94 MB used,  7237.53 MB free, 16321.46 MB total
[2017.08.26-05.26.39:707][  0]LogMemory: Virtual Memory: 638.50 MB used,  7237.53 MB free, 134217728.00 MB total
[2017.08.26-05.26.40:507][  0]LogInit: Using OS detected language (en-US).
[2017.08.26-05.26.40:507][  0]LogInit: Using OS detected locale (en-US).
[2017.08.26-05.26.40:839][  0]LogTextLocalizationManager: No specific localization for 'en-US' exists, so the 'en' localization will be used.
[2017.08.26-05.26.45:923][  0]LogD3D11RHI: D3D11 adapters:
[2017.08.26-05.26.46:451][  0]LogD3D11RHI:    0. 'NVIDIA GeForce GTX 780' (Feature Level 11_0)
[2017.08.26-05.26.46:451][  0]LogD3D11RHI:       6106/0/8160 MB DedicatedVideo/DedicatedSystem/SharedSystem, Outputs:2, VendorId:0x10de
[2017.08.26-05.26.46:452][  0]LogD3D11RHI:    1. 'Microsoft Basic Render Driver' (Feature Level 11_0)
[2017.08.26-05.26.46:452][  0]LogD3D11RHI:       0/0/8160 MB DedicatedVideo/DedicatedSystem/SharedSystem, Outputs:0, VendorId:0x1414
[2017.08.26-05.26.46:452][  0]LogD3D11RHI: Chosen D3D11 Adapter: 0
[2017.08.26-05.26.46:459][  0]LogD3D11RHI: Creating new Direct3DDevice
[2017.08.26-05.26.46:459][  0]LogD3D11RHI:     GPU DeviceId: 0x1007 (for the marketing name, search the web for "GPU Device Id")
[2017.08.26-05.26.46:459][  0]LogWindows: EnumDisplayDevices:
[2017.08.26-05.26.46:460][  0]LogWindows:    0. 'NVIDIA GeForce GTX 780' (P:1 D:1)
[2017.08.26-05.26.46:460][  0]LogWindows:    1. 'NVIDIA GeForce GTX 780' (P:0 D:1)
[2017.08.26-05.26.46:460][  0]LogWindows:    2. 'NVIDIA GeForce GTX 780' (P:0 D:0)
[2017.08.26-05.26.46:460][  0]LogWindows:    3. 'NVIDIA GeForce GTX 780' (P:0 D:0)
[2017.08.26-05.26.46:460][  0]LogWindows: DebugString: FoundDriverCount:4 
[2017.08.26-05.26.46:460][  0]LogD3D11RHI:     Adapter Name: NVIDIA GeForce GTX 780
[2017.08.26-05.26.46:460][  0]LogD3D11RHI:   Driver Version: 384.94 (internal:22.21.13.8494, unified:384.94)
[2017.08.26-05.26.46:460][  0]LogD3D11RHI:      Driver Date: 7-18-2017
[2017.08.26-05.26.46:460][  0]LogRHI: Texture pool is 1361 MB (70% of 1945 MB)
[2017.08.26-05.26.46:953][  0]LogD3D11RHI: Async texture creation enabled
[2017.08.26-05.26.47:276][  0]LogD3D11RHI: GPU Timing Frequency: 1000.000000 (Debug: 2 1)
[2017.08.26-05.26.47:427][  0]LogShaderCompilers: Guid format shader working directory is 8 characters bigger than the processId version (G:/UE4/BattleBot_Area_Proto/MyProject/Intermediate/Shaders/WorkingDirectory/23424/).
[2017.08.26-05.26.47:427][  0]LogShaderCompilers: Cleaned the shader compiler working directory 'C:/Users/Tyler/AppData/Local/Temp/UnrealShaderWorkingDir/EF29850249DD0CD42F3FB1B688299B4C/'.
[2017.08.26-05.26.47:441][  0]LogShaderCompilers:Display: Using Local Shader Compiler.
[2017.08.26-05.26.52:656][  0]LogTemp:Display: Loaded TP AllDesktopTargetPlatform
[2017.08.26-05.26.52:692][  0]LogTemp:Display: Loaded TP MacClientTargetPlatform
[2017.08.26-05.26.52:730][  0]LogTemp:Display: Loaded TP MacNoEditorTargetPlatform
[2017.08.26-05.26.52:764][  0]LogTemp:Display: Loaded TP MacServerTargetPlatform
[2017.08.26-05.26.52:837][  0]LogTemp:Display: Loaded TP MacTargetPlatform
[2017.08.26-05.26.52:873][  0]LogTemp:Display: Loaded TP WindowsClientTargetPlatform
[2017.08.26-05.26.52:907][  0]LogTemp:Display: Loaded TP WindowsNoEditorTargetPlatform
[2017.08.26-05.26.52:942][  0]LogTemp:Display: Loaded TP WindowsServerTargetPlatform
[2017.08.26-05.26.52:971][  0]LogTemp:Display: Loaded TP WindowsTargetPlatform
[2017.08.26-05.26.53:019][  0]LogTemp:Display: Loaded TP AndroidTargetPlatform
[2017.08.26-05.26.53:054][  0]LogTemp:Display: Loaded TP Android_ASTCTargetPlatform
[2017.08.26-05.26.53:090][  0]LogTemp:Display: Loaded TP Android_ATCTargetPlatform
[2017.08.26-05.26.53:124][  0]LogTemp:Display: Loaded TP Android_DXTTargetPlatform
[2017.08.26-05.26.53:158][  0]LogTemp:Display: Loaded TP Android_ETC1TargetPlatform
[2017.08.26-05.26.53:194][  0]LogTemp:Display: Loaded TP Android_ETC2TargetPlatform
[2017.08.26-05.26.53:263][  0]LogTemp:Display: Loaded TP Android_MultiTargetPlatform
[2017.08.26-05.26.53:263][  0]LogTemp:Display: Loaded TP Android_PVRTCTargetPlatform
[2017.08.26-05.26.53:290][  0]LogTemp:Display: Loaded TP HTML5TargetPlatform
[2017.08.26-05.26.53:449][  0]LogTemp:Display: Loaded TP IOSTargetPlatform
[2017.08.26-05.26.53:469][  0]LogTemp:Display: Loaded TP TVOSTargetPlatform
[2017.08.26-05.26.53:503][  0]LogTemp:Display: Loaded TP LinuxClientTargetPlatform
[2017.08.26-05.26.53:538][  0]LogTemp:Display: Loaded TP LinuxNoEditorTargetPlatform
[2017.08.26-05.26.53:573][  0]LogTemp:Display: Loaded TP LinuxServerTargetPlatform
[2017.08.26-05.26.53:633][  0]LogTemp:Display: Loaded TP LinuxTargetPlatform
[2017.08.26-05.26.53:633][  0]LogTargetPlatformManager:Display: Building Assets For Windows
[2017.08.26-05.26.54:873][  0]LogDerivedDataCache:Display: Max Cache Size: 512 MB
[2017.08.26-05.26.55:181][  0]LogDerivedDataCache: Loaded boot cache 0.31s 90MB C:/Users/Tyler/AppData/Local/UnrealEngine/4.16/DerivedDataCache/Boot.ddc.
[2017.08.26-05.26.55:181][  0]LogDerivedDataCache:Display: Loaded Boot cache: C:/Users/Tyler/AppData/Local/UnrealEngine/4.16/DerivedDataCache/Boot.ddc
[2017.08.26-05.26.55:181][  0]LogDerivedDataCache: FDerivedDataBackendGraph:  Pak pak cache file G:/UE4/BattleBot_Area_Proto/MyProject/DerivedDataCache/DDC.ddp not found, will not use a pak cache.
[2017.08.26-05.26.55:181][  0]LogDerivedDataCache: Unable to find inner node Pak for hierarchical cache Hierarchy.
[2017.08.26-05.26.55:181][  0]LogDerivedDataCache: FDerivedDataBackendGraph:  CompressedPak pak cache file G:/UE4/BattleBot_Area_Proto/MyProject/DerivedDataCache/Compressed.ddp not found, will not use a pak cache.
[2017.08.26-05.26.55:181][  0]LogDerivedDataCache: Unable to find inner node CompressedPak for hierarchical cache Hierarchy.
[2017.08.26-05.26.55:269][  0]LogDerivedDataCache:Display: Pak cache opened for reading ../../../Engine/DerivedDataCache/Compressed.ddp.
[2017.08.26-05.26.55:281][  0]LogDerivedDataCache: Using Local data cache path C:/Users/Tyler/AppData/Local/UnrealEngine/Common/DerivedDataCache: Writable
[2017.08.26-05.26.55:344][  0]LogMaterial: Verifying Global Shaders for PCD3D_SM5
[2017.08.26-05.26.55:437][  0]LogSlate: Using Freetype 2.6.0
[2017.08.26-05.26.55:560][  0]LogSlate: SlateFontCache - WITH_FREETYPE: 1, WITH_HARFBUZZ: 1
[2017.08.26-05.26.55:560][  0]LogSlate: SlateFontCache - WITH_FREETYPE: 1, WITH_HARFBUZZ: 1
[2017.08.26-05.27.02:836][  0]LogInit: Selected Device Profile: [Windows]
[2017.08.26-05.27.03:992][  0]LogContentStreaming: Texture pool size is 0.00 MB
[2017.08.26-05.27.04:560][  0]LogMeshUtilities: Using QuadricMeshReduction for automatic static mesh reduction
[2017.08.26-05.27.04:709][  0]LogSimplygon: Simplygon DLL not present - disabling.
[2017.08.26-05.27.04:762][  0]LogMeshUtilities: Using SimplygonSwarm for distributed automatic mesh merging
[2017.08.26-05.27.04:762][  0]LogMeshUtilities: No automatic skeletal mesh reduction module available
[2017.08.26-05.27.04:762][  0]LogMeshUtilities: No automatic mesh merging module available
[2017.08.26-05.27.10:712][  0]LogNetVersion: BattleBot_Prototype , NetCL: 3452394, EngineNetVer: 2, GameNetVer: 0 (Checksum: 2766879933)
[2017.08.26-05.27.11:046][  0]LogAssetRegistry: FAssetRegistry took 0.0390 seconds to start up
[2017.08.26-05.27.11:421][  0]LogPackageLocalizationCache: Processed 4 localized package path(s) for 2 prioritized culture(s) in 0.177293 seconds
[2017.08.26-05.27.11:426][  0]LogUObjectArray: 34194 objects as part of root set at end of initial load.
[2017.08.26-05.27.11:426][  0]LogUObjectAllocator: 7260416 out of 0 bytes used by permanent object pool.
[2017.08.26-05.27.11:426][  0]LogUObjectArray: CloseDisregardForGC: 0/0 objects in disregard for GC pool
[2017.08.26-05.27.11:514][  0]LogInit: WinSock: version 1.1 (2.2), MaxSocks=32767, MaxUdp=65467
[2017.08.26-05.27.36:285][  0]LogSubstanceCoreModule: Substance [CPU] Engine Loaded, Max Texture Size = 2048
[2017.08.26-05.27.36:376][  0]LogTcpMessaging: Initializing TcpMessaging bridge
[2017.08.26-05.27.36:429][  0]LogUdpMessaging: Initializing bridge on interface 0.0.0.0:0 to multicast group 230.0.0.1:6666.
[2017.08.26-05.27.38:083][  0]LogMaterial: Uniform references updated for custom material expression Custom.
[2017.08.26-05.27.39:021][  0]SourceControl: Info Source control is disabled
[2017.08.26-05.27.39:057][  0]SourceControl: Info Source control is disabled
[2017.08.26-05.27.39:151][  0]SourceControl: Info Source control is disabled
[2017.08.26-05.27.39:195][  0]SourceControl: Info Source control is disabled
[2017.08.26-05.27.40:526][  0]LogAndroidPermission: UAndroidPermissionCallbackProxy::GetInstance
[2017.08.26-05.27.41:761][  0]LogEngine: Initializing Engine...
[2017.08.26-05.27.41:954][  0]LogHMD: Failed to initialize OpenVR with code 108
[2017.08.26-05.27.42:720][  0]LogStats: UGameplayTagsManager::ConstructGameplayTagTree: Construct from data asset -  0.000 s
[2017.08.26-05.27.42:720][  0]LogStats: UGameplayTagsManager::ConstructGameplayTagTree: GameplayTagTreeChangedEvent.Broadcast -  0.000 s
[2017.08.26-05.27.43:197][  0]LogAIModule: Creating AISystem for world Untitled
[2017.08.26-05.27.43:287][  0]LogInit: XAudio2 using 'Headset Earphone (ASTRO MixAmp Pro           )' : 2 channels at 48 kHz using 16 bits per sample (channel mask 0x3)
[2017.08.26-05.27.43:298][  0]LogInit: FAudioDevice initialized.
[2017.08.26-05.27.43:336][  0]LogDerivedDataCache: Saved boot cache 0.04s 90MB C:/Users/Tyler/AppData/Local/UnrealEngine/4.16/DerivedDataCache/Boot.ddc.
[2017.08.26-05.27.43:348][  0]LogInit: Texture streaming: Enabled
[2017.08.26-05.27.43:526][  0]LogEngineSessionManager: EngineSessionManager initialized
[2017.08.26-05.27.44:063][  0]LogInit: Transaction tracking system initialized
[2017.08.26-05.27.44:530][  0]BlueprintLog: New page: Editor Load
[2017.08.26-05.27.45:953][  0]LocalizationService: Info Localization service is disabled
[2017.08.26-05.27.47:045][  0]LogConsoleResponse:Display: 
[2017.08.26-05.27.50:014][  0]LogFileCache: Scanning file cache for directory 'G:/UE4/BattleBot_Area_Proto/MyProject/Content/' took 0.04s
[2017.08.26-05.27.50:014][  0]LogCook:Display: Max memory allowance for cook 16384mb min free memory 0mb
[2017.08.26-05.27.50:014][  0]LogCook:Display: Mobile HDR setting 1
[2017.08.26-05.27.53:643][  0]SourceControl: Info Source control is disabled
[2017.08.26-05.27.53:684][  0]Cmd: MAP LOAD FILE="G:/UE4/BattleBot_Area_Proto/MyProject/Content/Test_Area.umap" TEMPLATE=0 SHOWPROGRESS=1 FEATURELEVEL=3
[2017.08.26-05.27.53:685][  0]LightingResults: New page: Lighting Build
[2017.08.26-05.27.53:839][  0]MapCheck: New page: Map Check
[2017.08.26-05.27.53:839][  0]LightingResults: New page: Lighting Build
[2017.08.26-05.27.57:063][  0]LogAIModule: Creating AISystem for world Test_Area
[2017.08.26-05.27.57:678][  0]LogEditorServer: Finished looking for orphan Actors (0.000 secs)
[2017.08.26-05.27.57:725][  0]Cmd: MAP CHECKDEP NOCLEARLOG
[2017.08.26-05.27.57:797][  0]MapCheck: Info Map check complete: 0 Error(s), 0 Warning(s), took 72.335ms to complete.
[2017.08.26-05.27.57:797][  0]LogFileHelpers: Loading map 'Test_Area' took 4.125
[2017.08.26-05.27.59:464][  0]LogCollectionManager: Loaded 0 collections in 0.013070 seconds
[2017.08.26-05.27.59:680][  0]LogFileCache: Scanning file cache for directory 'G:/UE4/BattleBot_Area_Proto/MyProject/Saved/Collections/' took 0.01s
[2017.08.26-05.27.59:681][  0]LogFileCache: Scanning file cache for directory 'G:/UE4/BattleBot_Area_Proto/MyProject/Content/Developers/Tyler/Collections/' took 0.01s
[2017.08.26-05.27.59:681][  0]LogFileCache: Scanning file cache for directory 'G:/UE4/BattleBot_Area_Proto/MyProject/Content/Collections/' took 0.01s
[2017.08.26-05.27.59:681][  0]LogCollectionManager: Rebuilt the GUID cache for 0 collections in 0.000001 seconds
[2017.08.26-05.27.59:689][  0]LogContentBrowser: Native class hierarchy populated in 0.0079 seconds. Added 2343 classes and 497 folders.
[2017.08.26-05.27.59:782][  0]LogContentBrowser: Native class hierarchy updated for 'WidgetCarousel' in 0.0006 seconds. Added 0 classes and 0 folders.
[2017.08.26-05.28.01:411][  0]LogContentBrowser: Native class hierarchy updated for 'AddContentDialog' in 0.0011 seconds. Added 0 classes and 0 folders.
[2017.08.26-05.28.01:495][  0]LogContentBrowser: Native class hierarchy updated for 'SceneOutliner' in 0.0007 seconds. Added 1 classes and 2 folders.
[2017.08.26-05.28.02:156][  0]LogCrashTracker: Crashtracker disabled due to settings.
[2017.08.26-05.28.02:273][  0]LogSlate: Took 0.018963 seconds to synchronously load lazily loaded font '../../../Engine/Content/Slate/Fonts/Roboto-Regular.ttf' (155K)
[2017.08.26-05.28.02:296][  0]LogSlate: Took 0.021634 seconds to synchronously load lazily loaded font '../../../Engine/Content/Slate/Fonts/Roboto-Bold.ttf' (160K)
[2017.08.26-05.28.02:329][  0]LogSlate: Took 0.014821 seconds to synchronously load lazily loaded font '../../../Engine/Content/Editor/Slate/Fonts/FontAwesome.ttf' (139K)
[2017.08.26-05.28.02:697][  0]LogRenderer: Reallocating scene render targets to support 1148x604 NumSamples 1 (Frame:1).
[2017.08.26-05.28.03:009][  0]LogSlate: Took 0.013333 seconds to synchronously load lazily loaded font '../../../Engine/Content/Slate/Fonts/Roboto-Light.ttf' (159K)
[2017.08.26-05.28.03:106][  0]LogUObjectGlobals:Warning: Failed to find object 'Class None.'
[2017.08.26-05.28.03:223][  0]LogContentBrowser: Native class hierarchy updated for 'HierarchicalLODOutliner' in 0.0007 seconds. Added 1 classes and 2 folders.
[2017.08.26-05.28.03:224][  0]LogLoad: (Engine Initialization) Total time: 95.89 seconds
[2017.08.26-05.28.03:224][  0]LogLoad: (Engine Initialization) Total Blueprint compile time: 0.86 seconds
[2017.08.26-05.28.03:224][  0]LogExternalProfiler: Found external profiler: VSPerf
[2017.08.26-05.28.03:224][  0]LogExternalProfiler: Using external profiler: VSPerf
[2017.08.26-05.28.03:255][  0]LogOcInput: OculusInput pre-init called
[2017.08.26-05.28.03:266][  0]LogHMD: Starting GearVRController plugin
[2017.08.26-05.28.03:406][  0]LogContentStreaming: Texture pool size now 1000 MB
[2017.08.26-05.28.03:951][  2]LogAssetRegistry: Asset discovery search completed in 52.9260 seconds
[2017.08.26-05.28.03:952][  2]LogCollectionManager: Rebuilt the object cache for 0 collections in 0.000000 seconds (found 0 objects)
[2017.08.26-05.28.03:952][  2]LogCollectionManager: Fixed up redirectors for 0 collections in 0.000019 seconds (updated 0 objects)
[2017.08.26-05.29.12:771][833]LogWindowsTextInputMethodSystem:Display: IME system now deactivated.
[2017.08.26-05.29.12:771][833]LogWindowsTextInputMethodSystem:Display: IME system now deactivated.
[2017.08.26-05.29.13:104][834]Cmd: QUIT_EDITOR
[2017.08.26-05.29.13:238][834]LogExit: Preparing to exit.
[2017.08.26-05.29.13:773][834]LogExit: Editor shut down
[2017.08.26-05.29.13:774][834]LogExit: Transaction tracking system shut down
[2017.08.26-05.29.14:301][834]LogObj: Freed 0b from 0 cluster array pools.
[2017.08.26-05.29.14:301][834]LogExit: Object subsystem successfully closed.
[2017.08.26-05.29.14:385][834]LogD3D11RHI: Shutdown
[2017.08.26-05.29.14:385][834]LogD3D11RHI: CleanupD3DDevice
[2017.08.26-05.29.14:460][834]LogD3D11RHI: ~FD3D11DynamicRHI
[2017.08.26-05.29.14:668][834]LogModuleManager: Shutting down and abandoning module HierarchicalLODOutliner (528)
[2017.08.26-05.29.14:668][834]LogModuleManager: Shutting down and abandoning module CrashTracker (526)
[2017.08.26-05.29.14:668][834]LogModuleManager: Shutting down and abandoning module SceneOutliner (524)
[2017.08.26-05.29.14:668][834]LogModuleManager: Shutting down and abandoning module AddContentDialog (522)
[2017.08.26-05.29.14:678][834]LogDirectoryWatcher: A directory notification for 'E:/Paragon/UE_4.16/FeaturePacks/' was aborted.
[2017.08.26-05.29.14:678][834]LogModuleManager: Shutting down and abandoning module WidgetCarousel (521)
[2017.08.26-05.29.14:678][834]LogModuleManager: Shutting down and abandoning module EditorWidgets (518)
[2017.08.26-05.29.14:678][834]LogModuleManager: Shutting down and abandoning module CollectionManager (516)
[2017.08.26-05.29.14:679][834]LogDirectoryWatcher: A directory notification for 'G:/UE4/BattleBot_Area_Proto/MyProject/Content/Collections/' was aborted.
[2017.08.26-05.29.14:679][834]LogDirectoryWatcher: A directory notification for 'G:/UE4/BattleBot_Area_Proto/MyProject/Content/Developers/Tyler/Collections/' was aborted.
[2017.08.26-05.29.14:679][834]LogDirectoryWatcher: A directory notification for 'G:/UE4/BattleBot_Area_Proto/MyProject/Saved/Collections/' was aborted.
[2017.08.26-05.29.14:679][834]LogModuleManager: Shutting down and abandoning module StatsViewer (514)
[2017.08.26-05.29.14:679][834]LogModuleManager: Shutting down and abandoning module FoliageEdit (512)
[2017.08.26-05.29.14:679][834]LogModuleManager: Shutting down and abandoning module LandscapeEditor (510)
[2017.08.26-05.29.14:693][834]LogModuleManager: Shutting down and abandoning module MeshPaintMode (508)
[2017.08.26-05.29.14:693][834]LogModuleManager: Shutting down and abandoning module SceneDepthPickerMode (506)
[2017.08.26-05.29.14:693][834]LogModuleManager: Shutting down and abandoning module ActorPickerMode (504)
[2017.08.26-05.29.14:693][834]LogModuleManager: Shutting down and abandoning module GeometryMode (502)
[2017.08.26-05.29.14:693][834]LogModuleManager: Shutting down and abandoning module TextureAlignMode (500)
[2017.08.26-05.29.14:693][834]LogModuleManager: Shutting down and abandoning module BspMode (498)
[2017.08.26-05.29.14:693][834]LogModuleManager: Shutting down and abandoning module HardwareSurvey (496)
[2017.08.26-05.29.14:694][834]LogModuleManager: Shutting down and abandoning module SequenceRecorderSections (494)
[2017.08.26-05.29.14:694][834]LogModuleManager: Shutting down and abandoning module AutomationWorker (492)
[2017.08.26-05.29.14:694][834]LogModuleManager: Shutting down and abandoning module MatineeToLevelSequence (490)
[2017.08.26-05.29.14:694][834]LogModuleManager: Shutting down and abandoning module LevelSequenceEditor (488)
[2017.08.26-05.29.14:712][834]LogModuleManager: Shutting down and abandoning module PlacementMode (487)
[2017.08.26-05.29.14:713][834]LogModuleManager: Shutting down and abandoning module WmfMediaFactory (484)
[2017.08.26-05.29.14:713][834]LogModuleManager: Shutting down and abandoning module WmfMediaEditor (482)
[2017.08.26-05.29.14:713][834]LogModuleManager: Shutting down and abandoning module AvfMediaFactory (480)
[2017.08.26-05.29.14:713][834]LogModuleManager: Shutting down and abandoning module AvfMediaEditor (478)
[2017.08.26-05.29.14:713][834]LogModuleManager: Shutting down and abandoning module AndroidMediaFactory (476)
[2017.08.26-05.29.14:713][834]LogModuleManager: Shutting down and abandoning module Media (475)
[2017.08.26-05.29.14:713][834]LogModuleManager: Shutting down and abandoning module AndroidMediaEditor (472)
[2017.08.26-05.29.14:713][834]LogModuleManager: Shutting down and abandoning module CharacterAI (470)
[2017.08.26-05.29.14:713][834]LogModuleManager: Shutting down and abandoning module AudioCapture (468)
[2017.08.26-05.29.14:713][834]LogModuleManager: Shutting down and abandoning module SequenceRecorder (467)
[2017.08.26-05.29.14:713][834]LogModuleManager: Shutting down and abandoning module SmartSnapping (464)
[2017.08.26-05.29.14:713][834]LogModuleManager: Shutting down and abandoning module SessionServices (462)
[2017.08.26-05.29.14:713][834]LogModuleManager: Shutting down and abandoning module ViewportSnapping (460)
[2017.08.26-05.29.14:713][834]LogModuleManager: Shutting down and abandoning module ViewportInteraction (458)
[2017.08.26-05.29.14:713][834]LogModuleManager: Shutting down and abandoning module ClothPainter (456)
[2017.08.26-05.29.14:724][834]LogModuleManager: Shutting down and abandoning module LogVisualizer (454)
[2017.08.26-05.29.14:730][834]LogModuleManager: Shutting down and abandoning module IntroTutorials (452)
[2017.08.26-05.29.14:730][834]LogModuleManager: Shutting down and abandoning module GameProjectGeneration (451)
[2017.08.26-05.29.14:738][834]LogModuleManager: Shutting down and abandoning module EditorLiveStreaming (448)
[2017.08.26-05.29.14:738][834]LogModuleManager: Shutting down and abandoning module IOSPlatformEditor (446)
[2017.08.26-05.29.14:748][834]LogModuleManager: Shutting down and abandoning module HTML5PlatformEditor (444)
[2017.08.26-05.29.14:748][834]LogModuleManager: Shutting down and abandoning module AndroidPlatformEditor (442)
[2017.08.26-05.29.14:748][834]LogModuleManager: Shutting down and abandoning module AndroidDeviceDetection (441)
[2017.08.26-05.29.15:487][834]LogModuleManager: Shutting down and abandoning module IOSRuntimeSettings (438)
[2017.08.26-05.29.15:487][834]LogModuleManager: Shutting down and abandoning module AndroidRuntimeSettings (436)
[2017.08.26-05.29.15:487][834]LogModuleManager: Shutting down and abandoning module InputBindingEditor (434)
[2017.08.26-05.29.15:503][834]LogModuleManager: Shutting down and abandoning module MergeActors (432)
[2017.08.26-05.29.15:513][834]LogModuleManager: Shutting down and abandoning module SizeMap (430)
[2017.08.26-05.29.15:513][834]LogModuleManager: Shutting down and abandoning module TreeMap (428)
[2017.08.26-05.29.15:526][834]LogModuleManager: Shutting down and abandoning module ReferenceViewer (426)
[2017.08.26-05.29.15:526][834]LogModuleManager: Shutting down and abandoning module LocalizationDashboard (424)
[2017.08.26-05.29.15:536][834]LogModuleManager: Shutting down and abandoning module LocalizationService (423)
[2017.08.26-05.29.15:536][834]LogModuleManager: Shutting down and abandoning module HardwareTargeting (420)
[2017.08.26-05.29.15:536][834]LogModuleManager: Shutting down and abandoning module DeviceProfileEditor (418)
[2017.08.26-05.29.15:546][834]LogModuleManager: Shutting down and abandoning module UndoHistory (416)
[2017.08.26-05.29.15:546][834]LogModuleManager: Shutting down and abandoning module UserFeedback (414)
[2017.08.26-05.29.15:546][834]LogModuleManager: Shutting down and abandoning module XmlParser (412)
[2017.08.26-05.29.15:546][834]LogModuleManager: Shutting down and abandoning module Blutility (410)
[2017.08.26-05.29.15:546][834]LogModuleManager: Shutting down and abandoning module ProjectSettingsViewer (408)
[2017.08.26-05.29.15:546][834]LogModuleManager: Shutting down and abandoning module ProjectTargetPlatformEditor (407)
[2017.08.26-05.29.15:546][834]LogModuleManager: Shutting down and abandoning module EditorSettingsViewer (404)
[2017.08.26-05.29.15:546][834]LogModuleManager: Shutting down and abandoning module SettingsEditor (402)
[2017.08.26-05.29.15:546][834]LogModuleManager: Shutting down and abandoning module ProjectLauncher (400)
[2017.08.26-05.29.15:563][834]LogModuleManager: Shutting down and abandoning module SessionFrontend (398)
[2017.08.26-05.29.15:578][834]LogModuleManager: Shutting down and abandoning module ProfilerClient (396)
[2017.08.26-05.29.15:608][834]LogModuleManager: Shutting down and abandoning module DeviceManager (394)
[2017.08.26-05.29.15:616][834]LogModuleManager: Shutting down and abandoning module TargetDeviceServices (393)
[2017.08.26-05.29.15:679][834]LogModuleManager: Shutting down and abandoning module AutomationController (390)
[2017.08.26-05.29.15:679][834]LogModuleManager: Shutting down and abandoning module AutomationWindow (388)
[2017.08.26-05.29.15:709][834]LogModuleManager: Shutting down and abandoning module Layers (386)
[2017.08.26-05.29.15:744][834]LogModuleManager: Shutting down and abandoning module ComponentVisualizers (384)
[2017.08.26-05.29.15:744][834]LogModuleManager: Shutting down and abandoning module DetailCustomizations (382)
[2017.08.26-05.29.15:744][834]LogModuleManager: Shutting down and abandoning module PackagesDialog (380)
[2017.08.26-05.29.15:756][834]LogModuleManager: Shutting down and abandoning module Persona (378)
[2017.08.26-05.29.15:767][834]LogModuleManager: Shutting down and abandoning module AdvancedPreviewScene (377)
[2017.08.26-05.29.15:767][834]LogModuleManager: Shutting down and abandoning module AnimGraph (375)
[2017.08.26-05.29.15:767][834]LogModuleManager: Shutting down and abandoning module Kismet (372)
[2017.08.26-05.29.15:768][834]LogModuleManager: Shutting down and abandoning module ClassViewer (370)
[2017.08.26-05.29.15:768][834]LogModuleManager: Shutting down and abandoning module Toolbox (368)
[2017.08.26-05.29.15:768][834]LogModuleManager: Shutting down and abandoning module ModuleUI (366)
[2017.08.26-05.29.15:795][834]LogModuleManager: Shutting down and abandoning module MovieSceneTools (364)
[2017.08.26-05.29.15:805][834]LogModuleManager: Shutting down and abandoning module OutputLog (362)
[2017.08.26-05.29.15:805][834]LogModuleManager: Shutting down and abandoning module GammaUI (360)
[2017.08.26-05.29.15:816][834]LogModuleManager: Shutting down and abandoning module Documentation (358)
[2017.08.26-05.29.15:816][834]LogModuleManager: Shutting down and abandoning module MovieSceneTracks (356)
[2017.08.26-05.29.15:816][834]LogModuleManager: Shutting down and abandoning module MovieScene (354)
[2017.08.26-05.29.15:816][834]LogModuleManager: Shutting down and abandoning module Niagara (352)
[2017.08.26-05.29.15:816][834]LogModuleManager: Shutting down and abandoning module NiagaraEditor (351)
[2017.08.26-05.29.15:831][834]LogModuleManager: Shutting down and abandoning module StreamingPauseRendering (348)
[2017.08.26-05.29.15:831][834]LogModuleManager: Shutting down and abandoning module AnalyticsET (346)
[2017.08.26-05.29.15:831][834]LogModuleManager: Shutting down and abandoning module PortalServices (344)
[2017.08.26-05.29.15:831][834]LogModuleManager: Shutting down and abandoning module PortalRpc (342)
[2017.08.26-05.29.15:831][834]LogModuleManager: Shutting down and abandoning module MessagingRpc (340)
[2017.08.26-05.29.15:831][834]LogModuleManager: Shutting down and abandoning module AIModule (338)
[2017.08.26-05.29.15:831][834]LogModuleManager: Shutting down and abandoning module GameplayDebugger (337)
[2017.08.26-05.29.15:831][834]LogModuleManager: Shutting down and abandoning module AITestSuite (335)
[2017.08.26-05.29.15:831][834]LogModuleManager: Shutting down and abandoning module ProfilerService (332)
[2017.08.26-05.29.16:051][834]LogModuleManager: Shutting down and abandoning module TaskGraph (330)
[2017.08.26-05.29.16:063][834]LogModuleManager: Shutting down and abandoning module SubstanceEditor (328)
[2017.08.26-05.29.16:073][834]LogModuleManager: Shutting down and abandoning module SteamVRController (326)
[2017.08.26-05.29.16:073][834]LogModuleManager: Shutting down and abandoning module SteamVR (324)
[2017.08.26-05.29.16:073][834]LogModuleManager: Shutting down and abandoning module ProceduralMeshComponentEditor (322)
[2017.08.26-05.29.16:073][834]LogModuleManager: Shutting down and abandoning module ProceduralMeshComponent (320)
[2017.08.26-05.29.16:086][834]LogModuleManager: Shutting down and abandoning module OculusLibrary (318)
[2017.08.26-05.29.16:086][834]LogModuleManager: Shutting down and abandoning module OculusInput (316)
[2017.08.26-05.29.16:086][834]LogModuleManager: Shutting down and abandoning module MobilePatchingUtils (314)
[2017.08.26-05.29.16:086][834]LogModuleManager: Shutting down and abandoning module CustomMeshComponent (312)
[2017.08.26-05.29.16:086][834]LogModuleManager: Shutting down and abandoning module CableComponent (310)
[2017.08.26-05.29.16:086][834]LogModuleManager: Shutting down and abandoning module ArchVisCharacter (308)
[2017.08.26-05.29.16:086][834]LogModuleManager: Shutting down and abandoning module AndroidPermission (306)
[2017.08.26-05.29.16:086][834]LogModuleManager: Shutting down and abandoning module MediaPlayerEditor (302)
[2017.08.26-05.29.16:097][834]LogModuleManager: Shutting down and abandoning module HTML5Networking (300)
[2017.08.26-05.29.16:097][834]LogModuleManager: Shutting down and abandoning module AlembicImporter (298)
[2017.08.26-05.29.16:103][834]LogModuleManager: Shutting down and abandoning module AlembicLibrary (297)
[2017.08.26-05.29.16:103][834]LogModuleManager: Shutting down and abandoning module GeometryCache (296)
[2017.08.26-05.29.16:103][834]LogModuleManager: Shutting down and abandoning module GeometryCacheEd (295)
[2017.08.26-05.29.16:103][834]LogModuleManager: Shutting down and abandoning module SuperSearchEditor (290)
[2017.08.26-05.29.16:103][834]LogModuleManager: Shutting down and abandoning module SuperSearch (289)
[2017.08.26-05.29.16:103][834]LogModuleManager: Shutting down and abandoning module SpeedTreeImporter (286)
[2017.08.26-05.29.16:103][834]LogModuleManager: Shutting down and abandoning module PluginBrowser (284)
[2017.08.26-05.29.16:103][834]LogModuleManager: Shutting down and abandoning module MobileLauncherProfileWizard (282)
[2017.08.26-05.29.16:114][834]LogModuleManager: Shutting down and abandoning module VisualStudioSourceCodeAccess (280)
[2017.08.26-05.29.16:114][834]LogModuleManager: Shutting down and abandoning module DesktopPlatform (279)
[2017.08.26-05.29.16:114][834]LogModuleManager: Shutting down and abandoning module UObjectPlugin (276)
[2017.08.26-05.29.16:114][834]LogModuleManager: Shutting down and abandoning module SubversionSourceControl (274)
[2017.08.26-05.29.16:115][834]LogModuleManager: Shutting down and abandoning module PerforceSourceControl (272)
[2017.08.26-05.29.16:115][834]LogModuleManager: Shutting down and abandoning module GitSourceControl (270)
[2017.08.26-05.29.16:115][834]LogModuleManager: Shutting down and abandoning module SourceControl (269)
[2017.08.26-05.29.16:115][834]LogModuleManager: Shutting down and abandoning module LightPropagationVolumeEditor (266)
[2017.08.26-05.29.16:115][834]LogModuleManager: Shutting down and abandoning module PaperTiledImporter (264)
[2017.08.26-05.29.16:115][834]LogModuleManager: Shutting down and abandoning module PaperSpriteSheetImporter (262)
[2017.08.26-05.29.16:115][834]LogModuleManager: Shutting down and abandoning module Paper2DEditor (260)
[2017.08.26-05.29.16:115][834]LogModuleManager: Shutting down and abandoning module MeshPaint (259)
[2017.08.26-05.29.16:115][834]LogModuleManager: Shutting down and abandoning module LevelEditor (257)
[2017.08.26-05.29.16:115][834]LogModuleManager: Shutting down and abandoning module PixelInspectorModule (256)
[2017.08.26-05.29.16:115][834]LogModuleManager: Shutting down and abandoning module MainFrame (254)
[2017.08.26-05.29.16:115][834]LogModuleManager: Shutting down and abandoning module HotReload (253)
[2017.08.26-05.29.16:115][834]LogModuleManager: Shutting down and abandoning module PhysXVehiclesEditor (248)
[2017.08.26-05.29.16:116][834]LogModuleManager: Shutting down and abandoning module PhysXVehicles (246)
[2017.08.26-05.29.16:116][834]LogModuleManager: Shutting down and abandoning module LocationServicesBPLibrary (244)
[2017.08.26-05.29.16:116][834]LogModuleManager: Shutting down and abandoning module ImmediatePhysicsEditor (242)
[2017.08.26-05.29.16:116][834]LogModuleManager: Shutting down and abandoning module ImmediatePhysics (240)
[2017.08.26-05.29.16:116][834]LogModuleManager: Shutting down and abandoning module UdpMessaging (238)
[2017.08.26-05.29.16:216][834]LogModuleManager: Shutting down and abandoning module TcpMessaging (236)
[2017.08.26-05.29.16:316][834]LogModuleManager: Shutting down and abandoning module SubstanceCore (234)
[2017.08.26-05.29.16:336][834]LogModuleManager: Shutting down and abandoning module GameplayTagsEditor (232)
[2017.08.26-05.29.16:336][834]LogModuleManager: Shutting down and abandoning module FacialAnimationEditor (230)
[2017.08.26-05.29.16:336][834]LogModuleManager: Shutting down and abandoning module FacialAnimation (228)
[2017.08.26-05.29.16:336][834]LogModuleManager: Shutting down and abandoning module AssetManagerEditor (226)
[2017.08.26-05.29.16:352][834]LogModuleManager: Shutting down and abandoning module GraphEditor (225)
[2017.08.26-05.29.16:388][834]LogModuleManager: Shutting down and abandoning module ContentBrowser (223)
[2017.08.26-05.29.16:389][834]LogModuleManager: Shutting down and abandoning module LightPropagationVolumeRuntime (220)
[2017.08.26-05.29.16:389][834]LogModuleManager: Shutting down and abandoning module Paper2D (218)
[2017.08.26-05.29.16:398][834]LogModuleManager: Shutting down and abandoning module WindowsMoviePlayer (216)
[2017.08.26-05.29.16:398][834]LogModuleManager: Shutting down and abandoning module WmfMedia (214)
[2017.08.26-05.29.16:398][834]LogModuleManager: Shutting down and abandoning module ClothingSystemEditor (212)
[2017.08.26-05.29.16:398][834]LogModuleManager: Shutting down and abandoning module ClothingSystemRuntime (210)
[2017.08.26-05.29.16:419][834]LogModuleManager: Shutting down and abandoning module MediaAssets (208)
[2017.08.26-05.29.16:419][834]LogModuleManager: Shutting down and abandoning module GameLiveStreaming (206)
[2017.08.26-05.29.16:420][834]LogModuleManager: Shutting down and abandoning module VREditor (204)
[2017.08.26-05.29.16:420][834]LogModuleManager: Shutting down and abandoning module StringTableEditor (202)
[2017.08.26-05.29.16:434][834]LogModuleManager: Shutting down and abandoning module GameplayTasksEditor (200)
[2017.08.26-05.29.16:434][834]LogModuleManager: Shutting down and abandoning module BehaviorTreeEditor (198)
[2017.08.26-05.29.16:441][834]LogModuleManager: Shutting down and abandoning module FunctionalTesting (196)
[2017.08.26-05.29.16:441][834]LogModuleManager: Shutting down and abandoning module CollisionAnalyzer (194)
[2017.08.26-05.29.16:453][834]LogModuleManager: Shutting down and abandoning module UMG (192)
[2017.08.26-05.29.16:462][834]LogModuleManager: Shutting down and abandoning module UMGEditor (191)
[2017.08.26-05.29.16:480][834]LogModuleManager: Shutting down and abandoning module Sequencer (190)
[2017.08.26-05.29.16:481][834]LogModuleManager: Shutting down and abandoning module AssetTools (188)
[2017.08.26-05.29.16:505][834]LogModuleManager: Shutting down and abandoning module MessageLog (187)
[2017.08.26-05.29.16:505][834]LogModuleManager: Shutting down and abandoning module WorkspaceMenuStructure (186)
[2017.08.26-05.29.16:505][834]LogModuleManager: Shutting down and abandoning module SlateReflector (180)
[2017.08.26-05.29.16:514][834]LogModuleManager: Shutting down and abandoning module Slate (178)
[2017.08.26-05.29.16:514][834]LogModuleManager: Shutting down and abandoning module EditorStyle (176)
[2017.08.26-05.29.16:516][834]LogModuleManager: Shutting down and abandoning module SourceCodeAccess (174)
[2017.08.26-05.29.16:516][834]LogModuleManager: Shutting down and abandoning module HeadMountedDisplay (172)
[2017.08.26-05.29.16:516][834]LogModuleManager: Shutting down and abandoning module XAudio2 (170)
[2017.08.26-05.29.16:516][834]LogModuleManager: Shutting down and abandoning module Networking (168)
[2017.08.26-05.29.16:516][834]LogModuleManager: Shutting down and abandoning module Core (164)
[2017.08.26-05.29.16:516][834]LogModuleManager: Shutting down and abandoning module AssetRegistry (162)
[2017.08.26-05.29.16:732][834]LogDirectoryWatcher: A directory notification for '../../../Engine/Content/' was aborted.
[2017.08.26-05.29.16:732][834]LogDirectoryWatcher: A directory notification for 'G:/UE4/BattleBot_Area_Proto/MyProject/Content/' was aborted.
[2017.08.26-05.29.16:732][834]LogDirectoryWatcher: A directory notification for '../../../Engine/Plugins/2D/Paper2D/Content/' was aborted.
[2017.08.26-05.29.16:732][834]LogDirectoryWatcher: A directory notification for '../../../Engine/Plugins/Runtime/GearVR/Content/' was aborted.
[2017.08.26-05.29.16:734][834]LogModuleManager: Shutting down and abandoning module DirectoryWatcher (161)
[2017.08.26-05.29.16:734][834]LogModuleManager: Shutting down and abandoning module KismetCompiler (158)
[2017.08.26-05.29.16:734][834]LogModuleManager: Shutting down and abandoning module LevelSequence (156)
[2017.08.26-05.29.16:734][834]LogModuleManager: Shutting down and abandoning module PhysXFormats (154)
[2017.08.26-05.29.16:734][834]LogModuleManager: Shutting down and abandoning module MeshUtilities (152)
[2017.08.26-05.29.16:734][834]LogModuleManager: Shutting down and abandoning module SimplygonSwarm (151)
[2017.08.26-05.29.16:734][834]LogModuleManager: Shutting down and abandoning module SimplygonMeshReduction (149)
[2017.08.26-05.29.16:734][834]LogModuleManager: Shutting down and abandoning module QuadricMeshReduction (147)
[2017.08.26-05.29.16:734][834]LogModuleManager: Shutting down and abandoning module DerivedDataCache (144)
[2017.08.26-05.29.16:831][834]LogDerivedDataCache: Shutdown
[2017.08.26-05.29.16:831][834]LogModuleManager: Shutting down and abandoning module TargetPlatform (142)
[2017.08.26-05.29.16:831][834]LogModuleManager: Shutting down and abandoning module VulkanShaderFormat (141)
[2017.08.26-05.29.16:831][834]LogModuleManager: Shutting down and abandoning module ShaderFormatVectorVM (139)
[2017.08.26-05.29.16:858][834]LogModuleManager: Shutting down and abandoning module ShaderFormatOpenGL (137)
[2017.08.26-05.29.16:865][834]LogModuleManager: Shutting down and abandoning module ShaderFormatD3D (135)
[2017.08.26-05.29.16:865][834]LogModuleManager: Shutting down and abandoning module MetalShaderFormat (133)
[2017.08.26-05.29.16:890][834]LogModuleManager: Shutting down and abandoning module TextureFormatUncompressed (131)
[2017.08.26-05.29.16:890][834]LogModuleManager: Shutting down and abandoning module TextureFormatPVR (129)
[2017.08.26-05.29.16:890][834]LogModuleManager: Shutting down and abandoning module TextureFormatDXT (127)
[2017.08.26-05.29.16:890][834]LogModuleManager: Shutting down and abandoning module TextureFormatIntelISPCTexComp (125)
[2017.08.26-05.29.16:890][834]LogModuleManager: Shutting down and abandoning module TextureFormatASTC (123)
[2017.08.26-05.29.16:890][834]LogModuleManager: Shutting down and abandoning module ImageWrapper (122)
[2017.08.26-05.29.16:890][834]LogModuleManager: Shutting down and abandoning module TextureFormatAndroid (119)
[2017.08.26-05.29.16:890][834]LogModuleManager: Shutting down and abandoning module AudioFormatOpus (117)
[2017.08.26-05.29.16:890][834]LogModuleManager: Shutting down and abandoning module AudioFormatOgg (115)
[2017.08.26-05.29.16:890][834]LogModuleManager: Shutting down and abandoning module AudioFormatADPCM (113)
[2017.08.26-05.29.16:890][834]LogModuleManager: Shutting down and abandoning module LinuxTargetPlatform (111)
[2017.08.26-05.29.16:890][834]LogModuleManager: Shutting down and abandoning module LinuxServerTargetPlatform (109)
[2017.08.26-05.29.16:890][834]LogModuleManager: Shutting down and abandoning module LinuxNoEditorTargetPlatform (107)
[2017.08.26-05.29.16:890][834]LogModuleManager: Shutting down and abandoning module LinuxClientTargetPlatform (105)
[2017.08.26-05.29.16:890][834]LogModuleManager: Shutting down and abandoning module TVOSTargetPlatform (103)
[2017.08.26-05.29.16:890][834]LogModuleManager: Shutting down and abandoning module Messaging (101)
[2017.08.26-05.29.16:890][834]LogModuleManager: Shutting down and abandoning module IOSTargetPlatform (99)
[2017.08.26-05.29.16:890][834]LogModuleManager: Shutting down and abandoning module HTML5TargetPlatform (97)
[2017.08.26-05.29.16:890][834]LogModuleManager: Shutting down and abandoning module Android_PVRTCTargetPlatform (95)
[2017.08.26-05.29.16:890][834]LogModuleManager: Shutting down and abandoning module Android_MultiTargetPlatform (93)
[2017.08.26-05.29.16:890][834]LogModuleManager: Shutting down and abandoning module Android_ETC2TargetPlatform (91)
[2017.08.26-05.29.16:890][834]LogModuleManager: Shutting down and abandoning module Android_ETC1TargetPlatform (89)
[2017.08.26-05.29.16:890][834]LogModuleManager: Shutting down and abandoning module Android_DXTTargetPlatform (87)
[2017.08.26-05.29.16:890][834]LogModuleManager: Shutting down and abandoning module Android_ATCTargetPlatform (85)
[2017.08.26-05.29.16:890][834]LogModuleManager: Shutting down and abandoning module Android_ASTCTargetPlatform (83)
[2017.08.26-05.29.16:890][834]LogModuleManager: Shutting down and abandoning module AndroidTargetPlatform (81)
[2017.08.26-05.29.16:890][834]LogModuleManager: Shutting down and abandoning module WindowsTargetPlatform (79)
[2017.08.26-05.29.16:890][834]LogModuleManager: Shutting down and abandoning module WindowsServerTargetPlatform (77)
[2017.08.26-05.29.16:890][834]LogModuleManager: Shutting down and abandoning module WindowsNoEditorTargetPlatform (75)
[2017.08.26-05.29.16:890][834]LogModuleManager: Shutting down and abandoning module WindowsClientTargetPlatform (73)
[2017.08.26-05.29.16:890][834]LogModuleManager: Shutting down and abandoning module MacTargetPlatform (71)
[2017.08.26-05.29.16:890][834]LogModuleManager: Shutting down and abandoning module MacServerTargetPlatform (69)
[2017.08.26-05.29.16:890][834]LogModuleManager: Shutting down and abandoning module MacNoEditorTargetPlatform (67)
[2017.08.26-05.29.16:890][834]LogModuleManager: Shutting down and abandoning module MacClientTargetPlatform (65)
[2017.08.26-05.29.16:890][834]LogModuleManager: Shutting down and abandoning module AllDesktopTargetPlatform (63)
[2017.08.26-05.29.16:891][834]LogModuleManager: Shutting down and abandoning module InputCore (60)
[2017.08.26-05.29.16:891][834]LogModuleManager: Shutting down and abandoning module Settings (58)
[2017.08.26-05.29.16:891][834]LogModuleManager: Shutting down and abandoning module OculusRift (56)
[2017.08.26-05.29.16:891][834]LogModuleManager: Shutting down and abandoning module GearVRController (54)
[2017.08.26-05.29.16:891][834]LogModuleManager: Shutting down and abandoning module GearVR (52)
[2017.08.26-05.29.16:900][834]LogModuleManager: Shutting down and abandoning module ExampleDeviceProfileSelector (50)
[2017.08.26-05.29.16:900][834]LogModuleManager: Shutting down and abandoning module OnlineBlueprintSupport (48)
[2017.08.26-05.29.16:900][834]LogModuleManager: Shutting down and abandoning module OnlineSubsystem (44)
[2017.08.26-05.29.16:900][834]LogOnline:Display: Unloading online subsystem: NULL
[2017.08.26-05.29.16:931][834]LogModuleManager: Shutting down and abandoning module XMPP (43)
[2017.08.26-05.29.16:938][834]LogModuleManager: Shutting down and abandoning module HTTP (41)
[2017.08.26-05.29.16:938][834]LogHttp:Display: Http module shutting down, but needs to wait on 1 outstanding Http requests:
[2017.08.26-05.29.16:938][834]LogHttp:Display: 	verb=[POST] url=[https://datarouter.ol.epicgames.com/datarouter/api/v1/public/data?SessionID=%7B0E35CE01-4418-9E78-889B-7EAF552CAA6C%7D&AppID=UEEditor.Rocket.Release&AppVersion=4.16.3-3561208%2B%2B%2BUE4%2BRelease-4.16&UserID=16e32b4e4bec8d74ad7e8cb06f9a4a1c%7Cd8452a0630b34a9ca448d47e49097641%7C030e3067-1df6-4ffc-9c50-df4681af5b04&AppEnvironment=datacollector-binary&UploadType=eteventstream] status=Processing
[2017.08.26-05.29.16:941][834]LogModuleManager: Shutting down and abandoning module SSL (40)
[2017.08.26-05.29.16:942][834]LogModuleManager: Shutting down and abandoning module HTTPChunkInstaller (36)
[2017.08.26-05.29.16:953][834]LogModuleManager: Shutting down and abandoning module AnimationModifiers (34)
[2017.08.26-05.29.16:963][834]LogModuleManager: Shutting down and abandoning module PropertyEditor (33)
[2017.08.26-05.29.16:963][834]LogModuleManager: Shutting down and abandoning module AudioEditor (30)
[2017.08.26-05.29.16:963][834]LogModuleManager: Shutting down and abandoning module TextureCompressor (28)
[2017.08.26-05.29.16:963][834]LogModuleManager: Shutting down and abandoning module ShaderCore (26)
[2017.08.26-05.29.16:963][834]LogModuleManager: Shutting down and abandoning module Landscape (24)
[2017.08.26-05.29.16:963][834]LogModuleManager: Shutting down and abandoning module SlateRHIRenderer (22)
[2017.08.26-05.29.16:973][834]LogModuleManager: Shutting down and abandoning module OpenGLDrv (20)
[2017.08.26-05.29.16:993][834]LogModuleManager: Shutting down and abandoning module D3D11RHI (18)
[2017.08.26-05.29.16:993][834]LogModuleManager: Shutting down and abandoning module AnimGraphRuntime (16)
[2017.08.26-05.29.16:993][834]LogModuleManager: Shutting down and abandoning module Renderer (14)
[2017.08.26-05.29.16:993][834]LogModuleManager: Shutting down and abandoning module Engine (12)
[2017.08.26-05.29.16:993][834]LogModuleManager: Shutting down and abandoning module CoreUObject (10)
[2017.08.26-05.29.16:993][834]LogModuleManager: Shutting down and abandoning module NetworkFile (8)
[2017.08.26-05.29.16:993][834]LogModuleManager: Shutting down and abandoning module StreamingFile (6)
[2017.08.26-05.29.16:993][834]LogModuleManager: Shutting down and abandoning module SandboxFile (4)
[2017.08.26-05.29.16:993][834]LogModuleManager: Shutting down and abandoning module PakFile (2)
[2017.08.26-05.29.16:994][834]LogExit: Exiting.
[2017.08.26-05.29.17:005][834]Log file closed, 08/26/17 14:29:17
